2021-05-17 09:46:01 [127.0.0.1][-][-][warning][yii\i18n\PhpMessageSource::loadMessages] The message file for category 'user' does not exist: C:\OSPanel\domains\agzybir.ogullar\vendor\dektrium\yii2-user/messages/tk/user.php
    in C:\OSPanel\domains\agzybir.ogullar\vendor\dektrium\yii2-user\views\security\login.php:23
    in C:\OSPanel\domains\agzybir.ogullar\backend\controllers\user\SecurityController.php:165
2021-05-17 09:46:01 [127.0.0.1][-][-][warning][yii\i18n\PhpMessageSource::loadMessages] The message file for category 'yii' does not exist: C:\OSPanel\domains\agzybir.ogullar\vendor\yiisoft\yii2/messages/tk/yii.php
    in C:\OSPanel\domains\agzybir.ogullar\common\models\security\LoginForm.php:81
    in C:\OSPanel\domains\agzybir.ogullar\vendor\dektrium\yii2-user\views\security\login.php:56
    in C:\OSPanel\domains\agzybir.ogullar\backend\controllers\user\SecurityController.php:165
2021-05-17 09:45:58 [127.0.0.1][-][-][info][application] $_GET = []

$_POST = []

$_FILES = []

$_COOKIE = [
    'cookieconsent_status' => 'dismiss'
    'advanced-frontend' => 'cen3at9qh3uc68b3k61a8l3qr7dkh9v0'
    '_csrf-frontend' => 'ea26aeb10a4ff1045d20c07a10115f3ba97e7bf9980926492b82475e6db7bb3ba:2:{i:0;s:14:\"_csrf-frontend\";i:1;s:32:\"ohVF_e-COLJwaV_-A5pWeUuwE0zLg4EA\";}'
    'PHPSESSID' => 'puaqbblajgetuqcai8kmplpe7cokgtal'
]

$_SESSION = [
    '__flash' => []
    '__returnUrl' => '/backend/'
]

$_SERVER = [
    'REDIRECT_STATUS' => '200'
    'HTTP_HOST' => 'agzybir.ogullar'
    'HTTP_CONNECTION' => 'keep-alive'
    'HTTP_UPGRADE_INSECURE_REQUESTS' => '1'
    'HTTP_USER_AGENT' => 'Mozilla/5.0 (Windows NT 6.1; Win64; x64) AppleWebKit/537.36 (KHTML, like Gecko) Chrome/90.0.4430.212 Safari/537.36'
    'HTTP_ACCEPT' => 'text/html,application/xhtml+xml,application/xml;q=0.9,image/avif,image/webp,image/apng,*/*;q=0.8,application/signed-exchange;v=b3;q=0.9'
    'HTTP_PURPOSE' => 'prefetch'
    'HTTP_ACCEPT_ENCODING' => 'gzip, deflate'
    'HTTP_ACCEPT_LANGUAGE' => 'ru-RU,ru;q=0.9,en-US;q=0.8,en;q=0.7'
    'HTTP_COOKIE' => 'cookieconsent_status=dismiss; advanced-frontend=cen3at9qh3uc68b3k61a8l3qr7dkh9v0; _csrf-frontend=ea26aeb10a4ff1045d20c07a10115f3ba97e7bf9980926492b82475e6db7bb3ba%3A2%3A%7Bi%3A0%3Bs%3A14%3A%22_csrf-frontend%22%3Bi%3A1%3Bs%3A32%3A%22ohVF_e-COLJwaV_-A5pWeUuwE0zLg4EA%22%3B%7D; PHPSESSID=puaqbblajgetuqcai8kmplpe7cokgtal'
    'PATH' => 'c:\\ospanel\\modules\\php\\PHP-7.2-x64\\ext;c:\\ospanel\\modules\\php\\PHP-7.2-x64\\pear;c:\\ospanel\\modules\\php\\PHP-7.2-x64\\pear\\bin;c:\\ospanel\\modules\\php\\PHP-7.2-x64;c:\\ospanel\\modules\\imagemagick;c:\\ospanel\\modules\\wget\\bin;c:\\ospanel\\modules\\database\\MySQL-5.6\\bin;c:\\ospanel\\modules\\http\\Apache-PHP-7.2-x64\\bin;c:\\ospanel\\modules\\http\\Apache-PHP-7.2-x64;C:\\Windows\\system32;C:\\Windows;C:\\Windows\\system32\\Wbem;C:\\Windows\\SysWOW64'
    'SystemRoot' => 'C:\\Windows'
    'COMSPEC' => 'C:\\Windows\\system32\\cmd.exe'
    'PATHEXT' => '.COM;.EXE;.BAT;.CMD;.VBS;.VBE;.JS;.JSE;.WSF;.WSH;.MSC'
    'WINDIR' => 'C:\\Windows'
    'SERVER_SIGNATURE' => ''
    'SERVER_SOFTWARE' => 'Apache'
    'SERVER_NAME' => 'agzybir.ogullar'
    'SERVER_ADDR' => '127.0.0.1'
    'SERVER_PORT' => '80'
    'REMOTE_ADDR' => '127.0.0.1'
    'DOCUMENT_ROOT' => 'C:/OSPanel/domains/agzybir.ogullar'
    'REQUEST_SCHEME' => 'http'
    'CONTEXT_PREFIX' => ''
    'CONTEXT_DOCUMENT_ROOT' => 'C:/OSPanel/domains/agzybir.ogullar'
    'SERVER_ADMIN' => '[no address given]'
    'SCRIPT_FILENAME' => 'C:/OSPanel/domains/agzybir.ogullar/backend/web/index.php'
    'REMOTE_PORT' => '1298'
    'REDIRECT_URL' => '/backend/user/login'
    'GATEWAY_INTERFACE' => 'CGI/1.1'
    'SERVER_PROTOCOL' => 'HTTP/1.1'
    'REQUEST_METHOD' => 'GET'
    'QUERY_STRING' => ''
    'REQUEST_URI' => '/backend/user/login'
    'SCRIPT_NAME' => '/backend/web/index.php'
    'PHP_SELF' => '/backend/web/index.php'
    'REQUEST_TIME_FLOAT' => 1621226758.71
    'REQUEST_TIME' => 1621226758
    'argv' => []
    'argc' => 0
]
2021-05-17 09:46:02 [127.0.0.1][-][-][warning][yii\i18n\PhpMessageSource::loadMessages] The message file for category 'user' does not exist: C:\OSPanel\domains\agzybir.ogullar\vendor\dektrium\yii2-user/messages/tk/user.php
    in C:\OSPanel\domains\agzybir.ogullar\vendor\dektrium\yii2-user\views\security\login.php:23
    in C:\OSPanel\domains\agzybir.ogullar\backend\controllers\user\SecurityController.php:165
2021-05-17 09:46:02 [127.0.0.1][-][-][warning][yii\i18n\PhpMessageSource::loadMessages] The message file for category 'yii' does not exist: C:\OSPanel\domains\agzybir.ogullar\vendor\yiisoft\yii2/messages/tk/yii.php
    in C:\OSPanel\domains\agzybir.ogullar\common\models\security\LoginForm.php:81
    in C:\OSPanel\domains\agzybir.ogullar\vendor\dektrium\yii2-user\views\security\login.php:56
    in C:\OSPanel\domains\agzybir.ogullar\backend\controllers\user\SecurityController.php:165
2021-05-17 09:46:00 [127.0.0.1][-][-][info][application] $_GET = []

$_POST = []

$_FILES = []

$_COOKIE = [
    'cookieconsent_status' => 'dismiss'
    'advanced-frontend' => 'cen3at9qh3uc68b3k61a8l3qr7dkh9v0'
    '_csrf-frontend' => 'ea26aeb10a4ff1045d20c07a10115f3ba97e7bf9980926492b82475e6db7bb3ba:2:{i:0;s:14:\"_csrf-frontend\";i:1;s:32:\"ohVF_e-COLJwaV_-A5pWeUuwE0zLg4EA\";}'
    'PHPSESSID' => '4pqtho1dqaa2ukefntf9o0p0jprkjpgu'
]

$_SESSION = [
    '__flash' => []
    '__returnUrl' => '/backend/'
]

$_SERVER = [
    'REDIRECT_STATUS' => '200'
    'HTTP_HOST' => 'agzybir.ogullar'
    'HTTP_CONNECTION' => 'keep-alive'
    'HTTP_UPGRADE_INSECURE_REQUESTS' => '1'
    'HTTP_USER_AGENT' => 'Mozilla/5.0 (Windows NT 6.1; Win64; x64) AppleWebKit/537.36 (KHTML, like Gecko) Chrome/90.0.4430.212 Safari/537.36'
    'HTTP_ACCEPT' => 'text/html,application/xhtml+xml,application/xml;q=0.9,image/avif,image/webp,image/apng,*/*;q=0.8,application/signed-exchange;v=b3;q=0.9'
    'HTTP_ACCEPT_ENCODING' => 'gzip, deflate'
    'HTTP_ACCEPT_LANGUAGE' => 'ru-RU,ru;q=0.9,en-US;q=0.8,en;q=0.7'
    'HTTP_COOKIE' => 'cookieconsent_status=dismiss; advanced-frontend=cen3at9qh3uc68b3k61a8l3qr7dkh9v0; _csrf-frontend=ea26aeb10a4ff1045d20c07a10115f3ba97e7bf9980926492b82475e6db7bb3ba%3A2%3A%7Bi%3A0%3Bs%3A14%3A%22_csrf-frontend%22%3Bi%3A1%3Bs%3A32%3A%22ohVF_e-COLJwaV_-A5pWeUuwE0zLg4EA%22%3B%7D; PHPSESSID=4pqtho1dqaa2ukefntf9o0p0jprkjpgu'
    'PATH' => 'c:\\ospanel\\modules\\php\\PHP-7.2-x64\\ext;c:\\ospanel\\modules\\php\\PHP-7.2-x64\\pear;c:\\ospanel\\modules\\php\\PHP-7.2-x64\\pear\\bin;c:\\ospanel\\modules\\php\\PHP-7.2-x64;c:\\ospanel\\modules\\imagemagick;c:\\ospanel\\modules\\wget\\bin;c:\\ospanel\\modules\\database\\MySQL-5.6\\bin;c:\\ospanel\\modules\\http\\Apache-PHP-7.2-x64\\bin;c:\\ospanel\\modules\\http\\Apache-PHP-7.2-x64;C:\\Windows\\system32;C:\\Windows;C:\\Windows\\system32\\Wbem;C:\\Windows\\SysWOW64'
    'SystemRoot' => 'C:\\Windows'
    'COMSPEC' => 'C:\\Windows\\system32\\cmd.exe'
    'PATHEXT' => '.COM;.EXE;.BAT;.CMD;.VBS;.VBE;.JS;.JSE;.WSF;.WSH;.MSC'
    'WINDIR' => 'C:\\Windows'
    'SERVER_SIGNATURE' => ''
    'SERVER_SOFTWARE' => 'Apache'
    'SERVER_NAME' => 'agzybir.ogullar'
    'SERVER_ADDR' => '127.0.0.1'
    'SERVER_PORT' => '80'
    'REMOTE_ADDR' => '127.0.0.1'
    'DOCUMENT_ROOT' => 'C:/OSPanel/domains/agzybir.ogullar'
    'REQUEST_SCHEME' => 'http'
    'CONTEXT_PREFIX' => ''
    'CONTEXT_DOCUMENT_ROOT' => 'C:/OSPanel/domains/agzybir.ogullar'
    'SERVER_ADMIN' => '[no address given]'
    'SCRIPT_FILENAME' => 'C:/OSPanel/domains/agzybir.ogullar/backend/web/index.php'
    'REMOTE_PORT' => '1299'
    'REDIRECT_URL' => '/backend/user/login'
    'GATEWAY_INTERFACE' => 'CGI/1.1'
    'SERVER_PROTOCOL' => 'HTTP/1.1'
    'REQUEST_METHOD' => 'GET'
    'QUERY_STRING' => ''
    'REQUEST_URI' => '/backend/user/login'
    'SCRIPT_NAME' => '/backend/web/index.php'
    'PHP_SELF' => '/backend/web/index.php'
    'REQUEST_TIME_FLOAT' => 1621226760.321
    'REQUEST_TIME' => 1621226760
    'argv' => []
    'argc' => 0
]
2021-05-18 21:22:45 [127.0.0.1][-][-][warning][yii\i18n\PhpMessageSource::loadMessages] The message file for category 'user' does not exist: C:\OSPanel\domains\agzybir.ogullar\vendor\dektrium\yii2-user/messages/tk/user.php
    in C:\OSPanel\domains\agzybir.ogullar\vendor\dektrium\yii2-user\views\security\login.php:23
    in C:\OSPanel\domains\agzybir.ogullar\backend\controllers\user\SecurityController.php:165
2021-05-18 21:22:45 [127.0.0.1][-][-][warning][yii\i18n\PhpMessageSource::loadMessages] The message file for category 'yii' does not exist: C:\OSPanel\domains\agzybir.ogullar\vendor\yiisoft\yii2/messages/tk/yii.php
    in C:\OSPanel\domains\agzybir.ogullar\common\models\security\LoginForm.php:81
    in C:\OSPanel\domains\agzybir.ogullar\vendor\dektrium\yii2-user\views\security\login.php:56
    in C:\OSPanel\domains\agzybir.ogullar\backend\controllers\user\SecurityController.php:165
2021-05-18 21:22:45 [127.0.0.1][-][-][info][application] $_GET = []

$_POST = []

$_FILES = []

$_COOKIE = [
    'cookieconsent_status' => 'dismiss'
    'advanced-frontend' => 'jvj1dk7nvj2l0eim5c5t6pa4pd9pif64'
    '_csrf-frontend' => '7b8164387900b20aa673897a1bf6a9851ea3a08e5e49f36809f379fe490a68d1a:2:{i:0;s:14:\"_csrf-frontend\";i:1;s:32:\"OzU7RSEmW-aIi50jd4LJB0Ym8MZ7jxz4\";}'
    'PHPSESSID' => 'hhg9se2sk3oj9f4d762ooopjdp23a8eb'
]

$_SESSION = [
    '__flash' => []
    '__returnUrl' => '/backend/'
]

$_SERVER = [
    'REDIRECT_STATUS' => '200'
    'HTTP_HOST' => 'agzybir.ogullar'
    'HTTP_CONNECTION' => 'keep-alive'
    'HTTP_UPGRADE_INSECURE_REQUESTS' => '1'
    'HTTP_USER_AGENT' => 'Mozilla/5.0 (Windows NT 6.1; Win64; x64) AppleWebKit/537.36 (KHTML, like Gecko) Chrome/90.0.4430.212 Safari/537.36'
    'HTTP_ACCEPT' => 'text/html,application/xhtml+xml,application/xml;q=0.9,image/avif,image/webp,image/apng,*/*;q=0.8,application/signed-exchange;v=b3;q=0.9'
    'HTTP_ACCEPT_ENCODING' => 'gzip, deflate'
    'HTTP_ACCEPT_LANGUAGE' => 'ru-RU,ru;q=0.9,en-US;q=0.8,en;q=0.7'
    'HTTP_COOKIE' => 'cookieconsent_status=dismiss; advanced-frontend=jvj1dk7nvj2l0eim5c5t6pa4pd9pif64; _csrf-frontend=7b8164387900b20aa673897a1bf6a9851ea3a08e5e49f36809f379fe490a68d1a%3A2%3A%7Bi%3A0%3Bs%3A14%3A%22_csrf-frontend%22%3Bi%3A1%3Bs%3A32%3A%22OzU7RSEmW-aIi50jd4LJB0Ym8MZ7jxz4%22%3B%7D; PHPSESSID=hhg9se2sk3oj9f4d762ooopjdp23a8eb'
    'PATH' => 'c:\\ospanel\\modules\\php\\PHP-7.2-x64\\ext;c:\\ospanel\\modules\\php\\PHP-7.2-x64\\pear;c:\\ospanel\\modules\\php\\PHP-7.2-x64\\pear\\bin;c:\\ospanel\\modules\\php\\PHP-7.2-x64;c:\\ospanel\\modules\\imagemagick;c:\\ospanel\\modules\\wget\\bin;c:\\ospanel\\modules\\database\\MySQL-5.6\\bin;c:\\ospanel\\modules\\http\\Apache-PHP-7.2-x64\\bin;c:\\ospanel\\modules\\http\\Apache-PHP-7.2-x64;C:\\Windows\\system32;C:\\Windows;C:\\Windows\\system32\\Wbem;C:\\Windows\\SysWOW64'
    'SystemRoot' => 'C:\\Windows'
    'COMSPEC' => 'C:\\Windows\\system32\\cmd.exe'
    'PATHEXT' => '.COM;.EXE;.BAT;.CMD;.VBS;.VBE;.JS;.JSE;.WSF;.WSH;.MSC'
    'WINDIR' => 'C:\\Windows'
    'SERVER_SIGNATURE' => ''
    'SERVER_SOFTWARE' => 'Apache'
    'SERVER_NAME' => 'agzybir.ogullar'
    'SERVER_ADDR' => '127.0.0.1'
    'SERVER_PORT' => '80'
    'REMOTE_ADDR' => '127.0.0.1'
    'DOCUMENT_ROOT' => 'C:/OSPanel/domains/agzybir.ogullar'
    'REQUEST_SCHEME' => 'http'
    'CONTEXT_PREFIX' => ''
    'CONTEXT_DOCUMENT_ROOT' => 'C:/OSPanel/domains/agzybir.ogullar'
    'SERVER_ADMIN' => '[no address given]'
    'SCRIPT_FILENAME' => 'C:/OSPanel/domains/agzybir.ogullar/backend/web/index.php'
    'REMOTE_PORT' => '15961'
    'REDIRECT_URL' => '/backend/user/login'
    'GATEWAY_INTERFACE' => 'CGI/1.1'
    'SERVER_PROTOCOL' => 'HTTP/1.1'
    'REQUEST_METHOD' => 'GET'
    'QUERY_STRING' => ''
    'REQUEST_URI' => '/backend/user/login'
    'SCRIPT_NAME' => '/backend/web/index.php'
    'PHP_SELF' => '/backend/web/index.php'
    'REQUEST_TIME_FLOAT' => 1621354965.088
    'REQUEST_TIME' => 1621354965
    'argv' => []
    'argc' => 0
]
2021-05-18 21:22:57 [127.0.0.1][-][-][warning][yii\i18n\PhpMessageSource::loadMessages] The message file for category 'yii' does not exist: C:\OSPanel\domains\agzybir.ogullar\vendor\yiisoft\yii2/messages/tk/yii.php
    in C:\OSPanel\domains\agzybir.ogullar\common\models\security\LoginForm.php:81
    in C:\OSPanel\domains\agzybir.ogullar\vendor\dektrium\yii2-user\traits\AjaxValidationTrait.php:32
    in C:\OSPanel\domains\agzybir.ogullar\backend\controllers\user\SecurityController.php:156
2021-05-18 21:22:57 [127.0.0.1][-][-][info][application] $_GET = []

$_POST = [
    '_csrf-backend' => 'IJF-X00eRYD0i14XUUhYL0Gpnvrcr6gW8SyYxyXnDZ5UyRQ3OWkXt7PbNkYyGyFANvmqmLf77FCLeNOOX9VZ1g=='
    'login-form' => [
        'login' => 'Rozy'
        'password' => 'rozy1212'
        'rememberMe' => '0'
    ]
    'ajax' => 'login-form'
]

$_FILES = []

$_COOKIE = [
    'cookieconsent_status' => 'dismiss'
    'advanced-frontend' => 'jvj1dk7nvj2l0eim5c5t6pa4pd9pif64'
    '_csrf-frontend' => '7b8164387900b20aa673897a1bf6a9851ea3a08e5e49f36809f379fe490a68d1a:2:{i:0;s:14:\"_csrf-frontend\";i:1;s:32:\"OzU7RSEmW-aIi50jd4LJB0Ym8MZ7jxz4\";}'
    'PHPSESSID' => 'hhg9se2sk3oj9f4d762ooopjdp23a8eb'
    '_csrf-backend' => '80289b172c73aecd13943f1199ccf56a6cbc01a314e4133b8b73f95416d7198ca:2:{i:0;s:13:\"_csrf-backend\";i:1;s:32:\"tXjhtwR7GPhQcSyowP4bkTDFzTKIz2TH\";}'
]

$_SESSION = [
    '__flash' => []
    '__returnUrl' => '/backend/'
]

$_SERVER = [
    'REDIRECT_STATUS' => '200'
    'HTTP_HOST' => 'agzybir.ogullar'
    'HTTP_CONNECTION' => 'keep-alive'
    'CONTENT_LENGTH' => '212'
    'HTTP_ACCEPT' => 'application/json, text/javascript, */*; q=0.01'
    'HTTP_X_CSRF_TOKEN' => 'IJF-X00eRYD0i14XUUhYL0Gpnvrcr6gW8SyYxyXnDZ5UyRQ3OWkXt7PbNkYyGyFANvmqmLf77FCLeNOOX9VZ1g=='
    'HTTP_X_REQUESTED_WITH' => 'XMLHttpRequest'
    'HTTP_USER_AGENT' => 'Mozilla/5.0 (Windows NT 6.1; Win64; x64) AppleWebKit/537.36 (KHTML, like Gecko) Chrome/90.0.4430.212 Safari/537.36'
    'CONTENT_TYPE' => 'application/x-www-form-urlencoded; charset=UTF-8'
    'HTTP_ORIGIN' => 'http://agzybir.ogullar'
    'HTTP_REFERER' => 'http://agzybir.ogullar/backend/user/login'
    'HTTP_ACCEPT_ENCODING' => 'gzip, deflate'
    'HTTP_ACCEPT_LANGUAGE' => 'ru-RU,ru;q=0.9,en-US;q=0.8,en;q=0.7'
    'HTTP_COOKIE' => 'cookieconsent_status=dismiss; advanced-frontend=jvj1dk7nvj2l0eim5c5t6pa4pd9pif64; _csrf-frontend=7b8164387900b20aa673897a1bf6a9851ea3a08e5e49f36809f379fe490a68d1a%3A2%3A%7Bi%3A0%3Bs%3A14%3A%22_csrf-frontend%22%3Bi%3A1%3Bs%3A32%3A%22OzU7RSEmW-aIi50jd4LJB0Ym8MZ7jxz4%22%3B%7D; PHPSESSID=hhg9se2sk3oj9f4d762ooopjdp23a8eb; _csrf-backend=80289b172c73aecd13943f1199ccf56a6cbc01a314e4133b8b73f95416d7198ca%3A2%3A%7Bi%3A0%3Bs%3A13%3A%22_csrf-backend%22%3Bi%3A1%3Bs%3A32%3A%22tXjhtwR7GPhQcSyowP4bkTDFzTKIz2TH%22%3B%7D'
    'PATH' => 'c:\\ospanel\\modules\\php\\PHP-7.2-x64\\ext;c:\\ospanel\\modules\\php\\PHP-7.2-x64\\pear;c:\\ospanel\\modules\\php\\PHP-7.2-x64\\pear\\bin;c:\\ospanel\\modules\\php\\PHP-7.2-x64;c:\\ospanel\\modules\\imagemagick;c:\\ospanel\\modules\\wget\\bin;c:\\ospanel\\modules\\database\\MySQL-5.6\\bin;c:\\ospanel\\modules\\http\\Apache-PHP-7.2-x64\\bin;c:\\ospanel\\modules\\http\\Apache-PHP-7.2-x64;C:\\Windows\\system32;C:\\Windows;C:\\Windows\\system32\\Wbem;C:\\Windows\\SysWOW64'
    'SystemRoot' => 'C:\\Windows'
    'COMSPEC' => 'C:\\Windows\\system32\\cmd.exe'
    'PATHEXT' => '.COM;.EXE;.BAT;.CMD;.VBS;.VBE;.JS;.JSE;.WSF;.WSH;.MSC'
    'WINDIR' => 'C:\\Windows'
    'SERVER_SIGNATURE' => ''
    'SERVER_SOFTWARE' => 'Apache'
    'SERVER_NAME' => 'agzybir.ogullar'
    'SERVER_ADDR' => '127.0.0.1'
    'SERVER_PORT' => '80'
    'REMOTE_ADDR' => '127.0.0.1'
    'DOCUMENT_ROOT' => 'C:/OSPanel/domains/agzybir.ogullar'
    'REQUEST_SCHEME' => 'http'
    'CONTEXT_PREFIX' => ''
    'CONTEXT_DOCUMENT_ROOT' => 'C:/OSPanel/domains/agzybir.ogullar'
    'SERVER_ADMIN' => '[no address given]'
    'SCRIPT_FILENAME' => 'C:/OSPanel/domains/agzybir.ogullar/backend/web/index.php'
    'REMOTE_PORT' => '15965'
    'REDIRECT_URL' => '/backend/user/login'
    'GATEWAY_INTERFACE' => 'CGI/1.1'
    'SERVER_PROTOCOL' => 'HTTP/1.1'
    'REQUEST_METHOD' => 'POST'
    'QUERY_STRING' => ''
    'REQUEST_URI' => '/backend/user/login'
    'SCRIPT_NAME' => '/backend/web/index.php'
    'PHP_SELF' => '/backend/web/index.php'
    'REQUEST_TIME_FLOAT' => 1621354976.914
    'REQUEST_TIME' => 1621354976
    'argv' => []
    'argc' => 0
]
2021-05-18 21:22:58 [127.0.0.1][17][-][warning][yii\i18n\PhpMessageSource::loadMessages] The message file for category 'yii' does not exist: C:\OSPanel\domains\agzybir.ogullar\vendor\yiisoft\yii2/messages/tk/yii.php
    in C:\OSPanel\domains\agzybir.ogullar\common\models\security\LoginForm.php:81
    in C:\OSPanel\domains\agzybir.ogullar\backend\controllers\user\SecurityController.php:159
2021-05-18 21:22:58 [127.0.0.1][17][-][info][application] $_GET = []

$_POST = [
    '_csrf-backend' => 'IJF-X00eRYD0i14XUUhYL0Gpnvrcr6gW8SyYxyXnDZ5UyRQ3OWkXt7PbNkYyGyFANvmqmLf77FCLeNOOX9VZ1g=='
    'login-form' => [
        'login' => 'Rozy'
        'password' => 'rozy1212'
        'rememberMe' => '0'
    ]
]

$_FILES = []

$_COOKIE = [
    'cookieconsent_status' => 'dismiss'
    'advanced-frontend' => 'jvj1dk7nvj2l0eim5c5t6pa4pd9pif64'
    '_csrf-frontend' => '7b8164387900b20aa673897a1bf6a9851ea3a08e5e49f36809f379fe490a68d1a:2:{i:0;s:14:\"_csrf-frontend\";i:1;s:32:\"OzU7RSEmW-aIi50jd4LJB0Ym8MZ7jxz4\";}'
    'PHPSESSID' => 'hhg9se2sk3oj9f4d762ooopjdp23a8eb'
    '_csrf-backend' => '80289b172c73aecd13943f1199ccf56a6cbc01a314e4133b8b73f95416d7198ca:2:{i:0;s:13:\"_csrf-backend\";i:1;s:32:\"tXjhtwR7GPhQcSyowP4bkTDFzTKIz2TH\";}'
]

$_SESSION = [
    '__flash' => []
    '__returnUrl' => '/backend/'
    '__id' => 17
]

$_SERVER = [
    'REDIRECT_STATUS' => '200'
    'HTTP_HOST' => 'agzybir.ogullar'
    'HTTP_CONNECTION' => 'keep-alive'
    'CONTENT_LENGTH' => '196'
    'HTTP_CACHE_CONTROL' => 'max-age=0'
    'HTTP_UPGRADE_INSECURE_REQUESTS' => '1'
    'HTTP_ORIGIN' => 'http://agzybir.ogullar'
    'CONTENT_TYPE' => 'application/x-www-form-urlencoded'
    'HTTP_USER_AGENT' => 'Mozilla/5.0 (Windows NT 6.1; Win64; x64) AppleWebKit/537.36 (KHTML, like Gecko) Chrome/90.0.4430.212 Safari/537.36'
    'HTTP_ACCEPT' => 'text/html,application/xhtml+xml,application/xml;q=0.9,image/avif,image/webp,image/apng,*/*;q=0.8,application/signed-exchange;v=b3;q=0.9'
    'HTTP_REFERER' => 'http://agzybir.ogullar/backend/user/login'
    'HTTP_ACCEPT_ENCODING' => 'gzip, deflate'
    'HTTP_ACCEPT_LANGUAGE' => 'ru-RU,ru;q=0.9,en-US;q=0.8,en;q=0.7'
    'HTTP_COOKIE' => 'cookieconsent_status=dismiss; advanced-frontend=jvj1dk7nvj2l0eim5c5t6pa4pd9pif64; _csrf-frontend=7b8164387900b20aa673897a1bf6a9851ea3a08e5e49f36809f379fe490a68d1a%3A2%3A%7Bi%3A0%3Bs%3A14%3A%22_csrf-frontend%22%3Bi%3A1%3Bs%3A32%3A%22OzU7RSEmW-aIi50jd4LJB0Ym8MZ7jxz4%22%3B%7D; PHPSESSID=hhg9se2sk3oj9f4d762ooopjdp23a8eb; _csrf-backend=80289b172c73aecd13943f1199ccf56a6cbc01a314e4133b8b73f95416d7198ca%3A2%3A%7Bi%3A0%3Bs%3A13%3A%22_csrf-backend%22%3Bi%3A1%3Bs%3A32%3A%22tXjhtwR7GPhQcSyowP4bkTDFzTKIz2TH%22%3B%7D'
    'PATH' => 'c:\\ospanel\\modules\\php\\PHP-7.2-x64\\ext;c:\\ospanel\\modules\\php\\PHP-7.2-x64\\pear;c:\\ospanel\\modules\\php\\PHP-7.2-x64\\pear\\bin;c:\\ospanel\\modules\\php\\PHP-7.2-x64;c:\\ospanel\\modules\\imagemagick;c:\\ospanel\\modules\\wget\\bin;c:\\ospanel\\modules\\database\\MySQL-5.6\\bin;c:\\ospanel\\modules\\http\\Apache-PHP-7.2-x64\\bin;c:\\ospanel\\modules\\http\\Apache-PHP-7.2-x64;C:\\Windows\\system32;C:\\Windows;C:\\Windows\\system32\\Wbem;C:\\Windows\\SysWOW64'
    'SystemRoot' => 'C:\\Windows'
    'COMSPEC' => 'C:\\Windows\\system32\\cmd.exe'
    'PATHEXT' => '.COM;.EXE;.BAT;.CMD;.VBS;.VBE;.JS;.JSE;.WSF;.WSH;.MSC'
    'WINDIR' => 'C:\\Windows'
    'SERVER_SIGNATURE' => ''
    'SERVER_SOFTWARE' => 'Apache'
    'SERVER_NAME' => 'agzybir.ogullar'
    'SERVER_ADDR' => '127.0.0.1'
    'SERVER_PORT' => '80'
    'REMOTE_ADDR' => '127.0.0.1'
    'DOCUMENT_ROOT' => 'C:/OSPanel/domains/agzybir.ogullar'
    'REQUEST_SCHEME' => 'http'
    'CONTEXT_PREFIX' => ''
    'CONTEXT_DOCUMENT_ROOT' => 'C:/OSPanel/domains/agzybir.ogullar'
    'SERVER_ADMIN' => '[no address given]'
    'SCRIPT_FILENAME' => 'C:/OSPanel/domains/agzybir.ogullar/backend/web/index.php'
    'REMOTE_PORT' => '15965'
    'REDIRECT_URL' => '/backend/user/login'
    'GATEWAY_INTERFACE' => 'CGI/1.1'
    'SERVER_PROTOCOL' => 'HTTP/1.1'
    'REQUEST_METHOD' => 'POST'
    'QUERY_STRING' => ''
    'REQUEST_URI' => '/backend/user/login'
    'SCRIPT_NAME' => '/backend/web/index.php'
    'PHP_SELF' => '/backend/web/index.php'
    'REQUEST_TIME_FLOAT' => 1621354978.059
    'REQUEST_TIME' => 1621354978
    'argv' => []
    'argc' => 0
]
2021-05-18 21:22:59 [127.0.0.1][17][-][warning][yii\i18n\PhpMessageSource::loadMessages] The message file for category 'yii' does not exist: C:\OSPanel\domains\agzybir.ogullar\vendor\yiisoft\yii2/messages/tk/yii.php
    in C:\OSPanel\domains\agzybir.ogullar\common\models\security\LoginForm.php:81
    in C:\OSPanel\domains\agzybir.ogullar\backend\controllers\user\SecurityController.php:159
2021-05-18 21:22:59 [127.0.0.1][17][-][info][application] $_GET = []

$_POST = [
    '_csrf-backend' => 'IJF-X00eRYD0i14XUUhYL0Gpnvrcr6gW8SyYxyXnDZ5UyRQ3OWkXt7PbNkYyGyFANvmqmLf77FCLeNOOX9VZ1g=='
    'login-form' => [
        'login' => 'Rozy'
        'password' => 'rozy1212'
        'rememberMe' => '0'
    ]
]

$_FILES = []

$_COOKIE = [
    'cookieconsent_status' => 'dismiss'
    'advanced-frontend' => 'jvj1dk7nvj2l0eim5c5t6pa4pd9pif64'
    '_csrf-frontend' => '7b8164387900b20aa673897a1bf6a9851ea3a08e5e49f36809f379fe490a68d1a:2:{i:0;s:14:\"_csrf-frontend\";i:1;s:32:\"OzU7RSEmW-aIi50jd4LJB0Ym8MZ7jxz4\";}'
    'PHPSESSID' => 'hhg9se2sk3oj9f4d762ooopjdp23a8eb'
    '_csrf-backend' => '80289b172c73aecd13943f1199ccf56a6cbc01a314e4133b8b73f95416d7198ca:2:{i:0;s:13:\"_csrf-backend\";i:1;s:32:\"tXjhtwR7GPhQcSyowP4bkTDFzTKIz2TH\";}'
]

$_SESSION = [
    '__flash' => []
    '__id' => 17
]

$_SERVER = [
    'REDIRECT_STATUS' => '200'
    'HTTP_HOST' => 'agzybir.ogullar'
    'HTTP_CONNECTION' => 'keep-alive'
    'CONTENT_LENGTH' => '196'
    'HTTP_CACHE_CONTROL' => 'max-age=0'
    'HTTP_UPGRADE_INSECURE_REQUESTS' => '1'
    'HTTP_ORIGIN' => 'http://agzybir.ogullar'
    'CONTENT_TYPE' => 'application/x-www-form-urlencoded'
    'HTTP_USER_AGENT' => 'Mozilla/5.0 (Windows NT 6.1; Win64; x64) AppleWebKit/537.36 (KHTML, like Gecko) Chrome/90.0.4430.212 Safari/537.36'
    'HTTP_ACCEPT' => 'text/html,application/xhtml+xml,application/xml;q=0.9,image/avif,image/webp,image/apng,*/*;q=0.8,application/signed-exchange;v=b3;q=0.9'
    'HTTP_REFERER' => 'http://agzybir.ogullar/backend/user/login'
    'HTTP_ACCEPT_ENCODING' => 'gzip, deflate'
    'HTTP_ACCEPT_LANGUAGE' => 'ru-RU,ru;q=0.9,en-US;q=0.8,en;q=0.7'
    'HTTP_COOKIE' => 'cookieconsent_status=dismiss; advanced-frontend=jvj1dk7nvj2l0eim5c5t6pa4pd9pif64; _csrf-frontend=7b8164387900b20aa673897a1bf6a9851ea3a08e5e49f36809f379fe490a68d1a%3A2%3A%7Bi%3A0%3Bs%3A14%3A%22_csrf-frontend%22%3Bi%3A1%3Bs%3A32%3A%22OzU7RSEmW-aIi50jd4LJB0Ym8MZ7jxz4%22%3B%7D; PHPSESSID=hhg9se2sk3oj9f4d762ooopjdp23a8eb; _csrf-backend=80289b172c73aecd13943f1199ccf56a6cbc01a314e4133b8b73f95416d7198ca%3A2%3A%7Bi%3A0%3Bs%3A13%3A%22_csrf-backend%22%3Bi%3A1%3Bs%3A32%3A%22tXjhtwR7GPhQcSyowP4bkTDFzTKIz2TH%22%3B%7D'
    'PATH' => 'c:\\ospanel\\modules\\php\\PHP-7.2-x64\\ext;c:\\ospanel\\modules\\php\\PHP-7.2-x64\\pear;c:\\ospanel\\modules\\php\\PHP-7.2-x64\\pear\\bin;c:\\ospanel\\modules\\php\\PHP-7.2-x64;c:\\ospanel\\modules\\imagemagick;c:\\ospanel\\modules\\wget\\bin;c:\\ospanel\\modules\\database\\MySQL-5.6\\bin;c:\\ospanel\\modules\\http\\Apache-PHP-7.2-x64\\bin;c:\\ospanel\\modules\\http\\Apache-PHP-7.2-x64;C:\\Windows\\system32;C:\\Windows;C:\\Windows\\system32\\Wbem;C:\\Windows\\SysWOW64'
    'SystemRoot' => 'C:\\Windows'
    'COMSPEC' => 'C:\\Windows\\system32\\cmd.exe'
    'PATHEXT' => '.COM;.EXE;.BAT;.CMD;.VBS;.VBE;.JS;.JSE;.WSF;.WSH;.MSC'
    'WINDIR' => 'C:\\Windows'
    'SERVER_SIGNATURE' => ''
    'SERVER_SOFTWARE' => 'Apache'
    'SERVER_NAME' => 'agzybir.ogullar'
    'SERVER_ADDR' => '127.0.0.1'
    'SERVER_PORT' => '80'
    'REMOTE_ADDR' => '127.0.0.1'
    'DOCUMENT_ROOT' => 'C:/OSPanel/domains/agzybir.ogullar'
    'REQUEST_SCHEME' => 'http'
    'CONTEXT_PREFIX' => ''
    'CONTEXT_DOCUMENT_ROOT' => 'C:/OSPanel/domains/agzybir.ogullar'
    'SERVER_ADMIN' => '[no address given]'
    'SCRIPT_FILENAME' => 'C:/OSPanel/domains/agzybir.ogullar/backend/web/index.php'
    'REMOTE_PORT' => '15967'
    'REDIRECT_URL' => '/backend/user/login'
    'GATEWAY_INTERFACE' => 'CGI/1.1'
    'SERVER_PROTOCOL' => 'HTTP/1.1'
    'REQUEST_METHOD' => 'POST'
    'QUERY_STRING' => ''
    'REQUEST_URI' => '/backend/user/login'
    'SCRIPT_NAME' => '/backend/web/index.php'
    'PHP_SELF' => '/backend/web/index.php'
    'REQUEST_TIME_FLOAT' => 1621354979.114
    'REQUEST_TIME' => 1621354979
    'argv' => []
    'argc' => 0
]
2021-05-18 21:23:18 [127.0.0.1][17][-][warning][yii\i18n\PhpMessageSource::loadMessages] The message file for category 'yii' does not exist: C:\OSPanel\domains\agzybir.ogullar\vendor\yiisoft\yii2/messages/tk/yii.php
    in C:\OSPanel\domains\agzybir.ogullar\vendor\omgdef\yii2-multilingual-behavior\src\MultilingualBehavior.php:178
    in C:\OSPanel\domains\agzybir.ogullar\backend\controllers\CategoryController.php:36
2021-05-18 21:23:17 [127.0.0.1][17][-][info][application] $_GET = []

$_POST = []

$_FILES = []

$_COOKIE = [
    'cookieconsent_status' => 'dismiss'
    'advanced-frontend' => 'jvj1dk7nvj2l0eim5c5t6pa4pd9pif64'
    '_csrf-frontend' => '7b8164387900b20aa673897a1bf6a9851ea3a08e5e49f36809f379fe490a68d1a:2:{i:0;s:14:\"_csrf-frontend\";i:1;s:32:\"OzU7RSEmW-aIi50jd4LJB0Ym8MZ7jxz4\";}'
    'PHPSESSID' => 'tu52tkepn3draci01danh13v97t2s8pa'
    '_csrf-backend' => '96ca4b15edd4b8d7218451f0ec67791b805172b5c62e7cb936ea9b9d7e6e3c7ea:2:{i:0;s:13:\"_csrf-backend\";i:1;s:32:\"oHV6GsGI3KhMXdsqjvC6kzFxzCXL-D-j\";}'
]

$_SESSION = [
    '__flash' => []
    '__id' => 17
    'KCFINDER' => [
        'disabled' => false
        'uploadURL' => '/uploads'
        'uploadDir' => 'C:\\OSPanel\\domains\\agzybir.ogullar/uploads'
    ]
]

$_SERVER = [
    'REDIRECT_STATUS' => '200'
    'HTTP_HOST' => 'agzybir.ogullar'
    'HTTP_CONNECTION' => 'keep-alive'
    'HTTP_UPGRADE_INSECURE_REQUESTS' => '1'
    'HTTP_USER_AGENT' => 'Mozilla/5.0 (Windows NT 6.1; Win64; x64) AppleWebKit/537.36 (KHTML, like Gecko) Chrome/90.0.4430.212 Safari/537.36'
    'HTTP_ACCEPT' => 'text/html,application/xhtml+xml,application/xml;q=0.9,image/avif,image/webp,image/apng,*/*;q=0.8,application/signed-exchange;v=b3;q=0.9'
    'HTTP_REFERER' => 'http://agzybir.ogullar/backend/'
    'HTTP_ACCEPT_ENCODING' => 'gzip, deflate'
    'HTTP_ACCEPT_LANGUAGE' => 'ru-RU,ru;q=0.9,en-US;q=0.8,en;q=0.7'
    'HTTP_COOKIE' => 'cookieconsent_status=dismiss; advanced-frontend=jvj1dk7nvj2l0eim5c5t6pa4pd9pif64; _csrf-frontend=7b8164387900b20aa673897a1bf6a9851ea3a08e5e49f36809f379fe490a68d1a%3A2%3A%7Bi%3A0%3Bs%3A14%3A%22_csrf-frontend%22%3Bi%3A1%3Bs%3A32%3A%22OzU7RSEmW-aIi50jd4LJB0Ym8MZ7jxz4%22%3B%7D; PHPSESSID=tu52tkepn3draci01danh13v97t2s8pa; _csrf-backend=96ca4b15edd4b8d7218451f0ec67791b805172b5c62e7cb936ea9b9d7e6e3c7ea%3A2%3A%7Bi%3A0%3Bs%3A13%3A%22_csrf-backend%22%3Bi%3A1%3Bs%3A32%3A%22oHV6GsGI3KhMXdsqjvC6kzFxzCXL-D-j%22%3B%7D'
    'PATH' => 'c:\\ospanel\\modules\\php\\PHP-7.2-x64\\ext;c:\\ospanel\\modules\\php\\PHP-7.2-x64\\pear;c:\\ospanel\\modules\\php\\PHP-7.2-x64\\pear\\bin;c:\\ospanel\\modules\\php\\PHP-7.2-x64;c:\\ospanel\\modules\\imagemagick;c:\\ospanel\\modules\\wget\\bin;c:\\ospanel\\modules\\database\\MySQL-5.6\\bin;c:\\ospanel\\modules\\http\\Apache-PHP-7.2-x64\\bin;c:\\ospanel\\modules\\http\\Apache-PHP-7.2-x64;C:\\Windows\\system32;C:\\Windows;C:\\Windows\\system32\\Wbem;C:\\Windows\\SysWOW64'
    'SystemRoot' => 'C:\\Windows'
    'COMSPEC' => 'C:\\Windows\\system32\\cmd.exe'
    'PATHEXT' => '.COM;.EXE;.BAT;.CMD;.VBS;.VBE;.JS;.JSE;.WSF;.WSH;.MSC'
    'WINDIR' => 'C:\\Windows'
    'SERVER_SIGNATURE' => ''
    'SERVER_SOFTWARE' => 'Apache'
    'SERVER_NAME' => 'agzybir.ogullar'
    'SERVER_ADDR' => '127.0.0.1'
    'SERVER_PORT' => '80'
    'REMOTE_ADDR' => '127.0.0.1'
    'DOCUMENT_ROOT' => 'C:/OSPanel/domains/agzybir.ogullar'
    'REQUEST_SCHEME' => 'http'
    'CONTEXT_PREFIX' => ''
    'CONTEXT_DOCUMENT_ROOT' => 'C:/OSPanel/domains/agzybir.ogullar'
    'SERVER_ADMIN' => '[no address given]'
    'SCRIPT_FILENAME' => 'C:/OSPanel/domains/agzybir.ogullar/backend/web/index.php'
    'REMOTE_PORT' => '16006'
    'REDIRECT_URL' => '/backend/category/index'
    'GATEWAY_INTERFACE' => 'CGI/1.1'
    'SERVER_PROTOCOL' => 'HTTP/1.1'
    'REQUEST_METHOD' => 'GET'
    'QUERY_STRING' => ''
    'REQUEST_URI' => '/backend/category/index'
    'SCRIPT_NAME' => '/backend/web/index.php'
    'PHP_SELF' => '/backend/web/index.php'
    'REQUEST_TIME_FLOAT' => 1621354997.518
    'REQUEST_TIME' => 1621354997
    'argv' => []
    'argc' => 0
]
2021-05-18 21:23:32 [127.0.0.1][17][-][warning][yii\i18n\PhpMessageSource::loadMessages] The message file for category 'yii' does not exist: C:\OSPanel\domains\agzybir.ogullar\vendor\yiisoft\yii2/messages/tk/yii.php
    in C:\OSPanel\domains\agzybir.ogullar\vendor\omgdef\yii2-multilingual-behavior\src\MultilingualBehavior.php:178
    in C:\OSPanel\domains\agzybir.ogullar\backend\controllers\CategoryController.php:121
    in C:\OSPanel\domains\agzybir.ogullar\backend\controllers\CategoryController.php:84
2021-05-18 21:23:32 [127.0.0.1][17][-][info][application] $_GET = [
    'id' => '3'
]

$_POST = []

$_FILES = []

$_COOKIE = [
    'cookieconsent_status' => 'dismiss'
    'advanced-frontend' => 'jvj1dk7nvj2l0eim5c5t6pa4pd9pif64'
    '_csrf-frontend' => '7b8164387900b20aa673897a1bf6a9851ea3a08e5e49f36809f379fe490a68d1a:2:{i:0;s:14:\"_csrf-frontend\";i:1;s:32:\"OzU7RSEmW-aIi50jd4LJB0Ym8MZ7jxz4\";}'
    'PHPSESSID' => 'tu52tkepn3draci01danh13v97t2s8pa'
    '_csrf-backend' => '96ca4b15edd4b8d7218451f0ec67791b805172b5c62e7cb936ea9b9d7e6e3c7ea:2:{i:0;s:13:\"_csrf-backend\";i:1;s:32:\"oHV6GsGI3KhMXdsqjvC6kzFxzCXL-D-j\";}'
]

$_SESSION = [
    '__flash' => []
    '__id' => 17
    'KCFINDER' => [
        'disabled' => false
        'uploadURL' => '/uploads'
        'uploadDir' => 'C:\\OSPanel\\domains\\agzybir.ogullar/uploads'
    ]
]

$_SERVER = [
    'REDIRECT_STATUS' => '200'
    'HTTP_HOST' => 'agzybir.ogullar'
    'HTTP_CONNECTION' => 'keep-alive'
    'HTTP_UPGRADE_INSECURE_REQUESTS' => '1'
    'HTTP_USER_AGENT' => 'Mozilla/5.0 (Windows NT 6.1; Win64; x64) AppleWebKit/537.36 (KHTML, like Gecko) Chrome/90.0.4430.212 Safari/537.36'
    'HTTP_ACCEPT' => 'text/html,application/xhtml+xml,application/xml;q=0.9,image/avif,image/webp,image/apng,*/*;q=0.8,application/signed-exchange;v=b3;q=0.9'
    'HTTP_REFERER' => 'http://agzybir.ogullar/backend/category/index'
    'HTTP_ACCEPT_ENCODING' => 'gzip, deflate'
    'HTTP_ACCEPT_LANGUAGE' => 'ru-RU,ru;q=0.9,en-US;q=0.8,en;q=0.7'
    'HTTP_COOKIE' => 'cookieconsent_status=dismiss; advanced-frontend=jvj1dk7nvj2l0eim5c5t6pa4pd9pif64; _csrf-frontend=7b8164387900b20aa673897a1bf6a9851ea3a08e5e49f36809f379fe490a68d1a%3A2%3A%7Bi%3A0%3Bs%3A14%3A%22_csrf-frontend%22%3Bi%3A1%3Bs%3A32%3A%22OzU7RSEmW-aIi50jd4LJB0Ym8MZ7jxz4%22%3B%7D; PHPSESSID=tu52tkepn3draci01danh13v97t2s8pa; _csrf-backend=96ca4b15edd4b8d7218451f0ec67791b805172b5c62e7cb936ea9b9d7e6e3c7ea%3A2%3A%7Bi%3A0%3Bs%3A13%3A%22_csrf-backend%22%3Bi%3A1%3Bs%3A32%3A%22oHV6GsGI3KhMXdsqjvC6kzFxzCXL-D-j%22%3B%7D'
    'PATH' => 'c:\\ospanel\\modules\\php\\PHP-7.2-x64\\ext;c:\\ospanel\\modules\\php\\PHP-7.2-x64\\pear;c:\\ospanel\\modules\\php\\PHP-7.2-x64\\pear\\bin;c:\\ospanel\\modules\\php\\PHP-7.2-x64;c:\\ospanel\\modules\\imagemagick;c:\\ospanel\\modules\\wget\\bin;c:\\ospanel\\modules\\database\\MySQL-5.6\\bin;c:\\ospanel\\modules\\http\\Apache-PHP-7.2-x64\\bin;c:\\ospanel\\modules\\http\\Apache-PHP-7.2-x64;C:\\Windows\\system32;C:\\Windows;C:\\Windows\\system32\\Wbem;C:\\Windows\\SysWOW64'
    'SystemRoot' => 'C:\\Windows'
    'COMSPEC' => 'C:\\Windows\\system32\\cmd.exe'
    'PATHEXT' => '.COM;.EXE;.BAT;.CMD;.VBS;.VBE;.JS;.JSE;.WSF;.WSH;.MSC'
    'WINDIR' => 'C:\\Windows'
    'SERVER_SIGNATURE' => ''
    'SERVER_SOFTWARE' => 'Apache'
    'SERVER_NAME' => 'agzybir.ogullar'
    'SERVER_ADDR' => '127.0.0.1'
    'SERVER_PORT' => '80'
    'REMOTE_ADDR' => '127.0.0.1'
    'DOCUMENT_ROOT' => 'C:/OSPanel/domains/agzybir.ogullar'
    'REQUEST_SCHEME' => 'http'
    'CONTEXT_PREFIX' => ''
    'CONTEXT_DOCUMENT_ROOT' => 'C:/OSPanel/domains/agzybir.ogullar'
    'SERVER_ADMIN' => '[no address given]'
    'SCRIPT_FILENAME' => 'C:/OSPanel/domains/agzybir.ogullar/backend/web/index.php'
    'REMOTE_PORT' => '16025'
    'REDIRECT_URL' => '/backend/category/update/3'
    'GATEWAY_INTERFACE' => 'CGI/1.1'
    'SERVER_PROTOCOL' => 'HTTP/1.1'
    'REQUEST_METHOD' => 'GET'
    'QUERY_STRING' => ''
    'REQUEST_URI' => '/backend/category/update/3'
    'SCRIPT_NAME' => '/backend/web/index.php'
    'PHP_SELF' => '/backend/web/index.php'
    'REQUEST_TIME_FLOAT' => 1621355012.341
    'REQUEST_TIME' => 1621355012
    'argv' => []
    'argc' => 0
]
2021-05-18 21:23:46 [127.0.0.1][17][-][warning][yii\i18n\PhpMessageSource::loadMessages] The message file for category 'yii' does not exist: C:\OSPanel\domains\agzybir.ogullar\vendor\yiisoft\yii2/messages/tk/yii.php
    in C:\OSPanel\domains\agzybir.ogullar\vendor\omgdef\yii2-multilingual-behavior\src\MultilingualBehavior.php:178
    in C:\OSPanel\domains\agzybir.ogullar\backend\controllers\CategoryController.php:121
    in C:\OSPanel\domains\agzybir.ogullar\backend\controllers\CategoryController.php:84
2021-05-18 21:23:46 [127.0.0.1][17][-][info][application] $_GET = [
    'id' => '3'
]

$_POST = [
    '_csrf-backend' => 'jzVnsxEOGbyzjjKZKV5U9D74b0MFYfuWngRDNCXwz2fgfTGFVn1e9YDFWtRxOieFVI4sdW4bve7kRxt4CLTiDQ=='
    'CategoryWrapper' => [
        'name' => 'Önümler'
        'description' => 'Önümler'
        'alias' => 'products'
        'meta_description' => 'Önümler'
        'meta_keyword' => 'Önümler'
        'name_ru' => 'Продукты'
        'description_ru' => ''
        'alias_ru' => ''
        'meta_description_ru' => ''
        'meta_keyword_ru' => ''
        'name_en' => 'Products'
        'description_en' => ''
        'alias_en' => ''
        'meta_description_en' => ''
        'meta_keyword_en' => ''
        'code' => 'products'
        'url_prefix' => 'item'
        'parent_id' => ''
        'sort_order' => ''
        'top' => '0'
        'status' => '0'
        'docs' => '43'
    ]
]

$_FILES = []

$_COOKIE = [
    'cookieconsent_status' => 'dismiss'
    'advanced-frontend' => 'jvj1dk7nvj2l0eim5c5t6pa4pd9pif64'
    '_csrf-frontend' => '7b8164387900b20aa673897a1bf6a9851ea3a08e5e49f36809f379fe490a68d1a:2:{i:0;s:14:\"_csrf-frontend\";i:1;s:32:\"OzU7RSEmW-aIi50jd4LJB0Ym8MZ7jxz4\";}'
    'PHPSESSID' => 'tu52tkepn3draci01danh13v97t2s8pa'
    '_csrf-backend' => '96ca4b15edd4b8d7218451f0ec67791b805172b5c62e7cb936ea9b9d7e6e3c7ea:2:{i:0;s:13:\"_csrf-backend\";i:1;s:32:\"oHV6GsGI3KhMXdsqjvC6kzFxzCXL-D-j\";}'
]

$_SESSION = [
    '__flash' => []
    '__id' => 17
    'KCFINDER' => [
        'disabled' => false
        'uploadURL' => '/uploads'
        'uploadDir' => 'C:\\OSPanel\\domains\\agzybir.ogullar/uploads'
    ]
]

$_SERVER = [
    'REDIRECT_STATUS' => '200'
    'HTTP_HOST' => 'agzybir.ogullar'
    'HTTP_CONNECTION' => 'keep-alive'
    'CONTENT_LENGTH' => '2824'
    'HTTP_CACHE_CONTROL' => 'max-age=0'
    'HTTP_UPGRADE_INSECURE_REQUESTS' => '1'
    'HTTP_ORIGIN' => 'http://agzybir.ogullar'
    'CONTENT_TYPE' => 'multipart/form-data; boundary=----WebKitFormBoundaryNjMfYFcxIXyKfGjU'
    'HTTP_USER_AGENT' => 'Mozilla/5.0 (Windows NT 6.1; Win64; x64) AppleWebKit/537.36 (KHTML, like Gecko) Chrome/90.0.4430.212 Safari/537.36'
    'HTTP_ACCEPT' => 'text/html,application/xhtml+xml,application/xml;q=0.9,image/avif,image/webp,image/apng,*/*;q=0.8,application/signed-exchange;v=b3;q=0.9'
    'HTTP_REFERER' => 'http://agzybir.ogullar/backend/category/update/3'
    'HTTP_ACCEPT_ENCODING' => 'gzip, deflate'
    'HTTP_ACCEPT_LANGUAGE' => 'ru-RU,ru;q=0.9,en-US;q=0.8,en;q=0.7'
    'HTTP_COOKIE' => 'cookieconsent_status=dismiss; advanced-frontend=jvj1dk7nvj2l0eim5c5t6pa4pd9pif64; _csrf-frontend=7b8164387900b20aa673897a1bf6a9851ea3a08e5e49f36809f379fe490a68d1a%3A2%3A%7Bi%3A0%3Bs%3A14%3A%22_csrf-frontend%22%3Bi%3A1%3Bs%3A32%3A%22OzU7RSEmW-aIi50jd4LJB0Ym8MZ7jxz4%22%3B%7D; PHPSESSID=tu52tkepn3draci01danh13v97t2s8pa; _csrf-backend=96ca4b15edd4b8d7218451f0ec67791b805172b5c62e7cb936ea9b9d7e6e3c7ea%3A2%3A%7Bi%3A0%3Bs%3A13%3A%22_csrf-backend%22%3Bi%3A1%3Bs%3A32%3A%22oHV6GsGI3KhMXdsqjvC6kzFxzCXL-D-j%22%3B%7D'
    'PATH' => 'c:\\ospanel\\modules\\php\\PHP-7.2-x64\\ext;c:\\ospanel\\modules\\php\\PHP-7.2-x64\\pear;c:\\ospanel\\modules\\php\\PHP-7.2-x64\\pear\\bin;c:\\ospanel\\modules\\php\\PHP-7.2-x64;c:\\ospanel\\modules\\imagemagick;c:\\ospanel\\modules\\wget\\bin;c:\\ospanel\\modules\\database\\MySQL-5.6\\bin;c:\\ospanel\\modules\\http\\Apache-PHP-7.2-x64\\bin;c:\\ospanel\\modules\\http\\Apache-PHP-7.2-x64;C:\\Windows\\system32;C:\\Windows;C:\\Windows\\system32\\Wbem;C:\\Windows\\SysWOW64'
    'SystemRoot' => 'C:\\Windows'
    'COMSPEC' => 'C:\\Windows\\system32\\cmd.exe'
    'PATHEXT' => '.COM;.EXE;.BAT;.CMD;.VBS;.VBE;.JS;.JSE;.WSF;.WSH;.MSC'
    'WINDIR' => 'C:\\Windows'
    'SERVER_SIGNATURE' => ''
    'SERVER_SOFTWARE' => 'Apache'
    'SERVER_NAME' => 'agzybir.ogullar'
    'SERVER_ADDR' => '127.0.0.1'
    'SERVER_PORT' => '80'
    'REMOTE_ADDR' => '127.0.0.1'
    'DOCUMENT_ROOT' => 'C:/OSPanel/domains/agzybir.ogullar'
    'REQUEST_SCHEME' => 'http'
    'CONTEXT_PREFIX' => ''
    'CONTEXT_DOCUMENT_ROOT' => 'C:/OSPanel/domains/agzybir.ogullar'
    'SERVER_ADMIN' => '[no address given]'
    'SCRIPT_FILENAME' => 'C:/OSPanel/domains/agzybir.ogullar/backend/web/index.php'
    'REMOTE_PORT' => '16031'
    'REDIRECT_URL' => '/backend/category/update/3'
    'GATEWAY_INTERFACE' => 'CGI/1.1'
    'SERVER_PROTOCOL' => 'HTTP/1.1'
    'REQUEST_METHOD' => 'POST'
    'QUERY_STRING' => ''
    'REQUEST_URI' => '/backend/category/update/3'
    'SCRIPT_NAME' => '/backend/web/index.php'
    'PHP_SELF' => '/backend/web/index.php'
    'REQUEST_TIME_FLOAT' => 1621355025.9
    'REQUEST_TIME' => 1621355025
    'argv' => []
    'argc' => 0
]
2021-05-18 21:23:47 [127.0.0.1][17][-][warning][yii\i18n\PhpMessageSource::loadMessages] The message file for category 'yii' does not exist: C:\OSPanel\domains\agzybir.ogullar\vendor\yiisoft\yii2/messages/tk/yii.php
    in C:\OSPanel\domains\agzybir.ogullar\vendor\omgdef\yii2-multilingual-behavior\src\MultilingualBehavior.php:178
    in C:\OSPanel\domains\agzybir.ogullar\backend\controllers\CategoryController.php:36
2021-05-18 21:23:47 [127.0.0.1][17][-][info][application] $_GET = []

$_POST = []

$_FILES = []

$_COOKIE = [
    'cookieconsent_status' => 'dismiss'
    'advanced-frontend' => 'jvj1dk7nvj2l0eim5c5t6pa4pd9pif64'
    '_csrf-frontend' => '7b8164387900b20aa673897a1bf6a9851ea3a08e5e49f36809f379fe490a68d1a:2:{i:0;s:14:\"_csrf-frontend\";i:1;s:32:\"OzU7RSEmW-aIi50jd4LJB0Ym8MZ7jxz4\";}'
    'PHPSESSID' => 'tu52tkepn3draci01danh13v97t2s8pa'
    '_csrf-backend' => '96ca4b15edd4b8d7218451f0ec67791b805172b5c62e7cb936ea9b9d7e6e3c7ea:2:{i:0;s:13:\"_csrf-backend\";i:1;s:32:\"oHV6GsGI3KhMXdsqjvC6kzFxzCXL-D-j\";}'
]

$_SESSION = [
    '__flash' => []
    '__id' => 17
    'KCFINDER' => [
        'disabled' => false
        'uploadURL' => '/uploads'
        'uploadDir' => 'C:\\OSPanel\\domains\\agzybir.ogullar/uploads'
    ]
]

$_SERVER = [
    'REDIRECT_STATUS' => '200'
    'HTTP_HOST' => 'agzybir.ogullar'
    'HTTP_CONNECTION' => 'keep-alive'
    'HTTP_CACHE_CONTROL' => 'max-age=0'
    'HTTP_UPGRADE_INSECURE_REQUESTS' => '1'
    'HTTP_USER_AGENT' => 'Mozilla/5.0 (Windows NT 6.1; Win64; x64) AppleWebKit/537.36 (KHTML, like Gecko) Chrome/90.0.4430.212 Safari/537.36'
    'HTTP_ACCEPT' => 'text/html,application/xhtml+xml,application/xml;q=0.9,image/avif,image/webp,image/apng,*/*;q=0.8,application/signed-exchange;v=b3;q=0.9'
    'HTTP_REFERER' => 'http://agzybir.ogullar/backend/category/update/3'
    'HTTP_ACCEPT_ENCODING' => 'gzip, deflate'
    'HTTP_ACCEPT_LANGUAGE' => 'ru-RU,ru;q=0.9,en-US;q=0.8,en;q=0.7'
    'HTTP_COOKIE' => 'cookieconsent_status=dismiss; advanced-frontend=jvj1dk7nvj2l0eim5c5t6pa4pd9pif64; _csrf-frontend=7b8164387900b20aa673897a1bf6a9851ea3a08e5e49f36809f379fe490a68d1a%3A2%3A%7Bi%3A0%3Bs%3A14%3A%22_csrf-frontend%22%3Bi%3A1%3Bs%3A32%3A%22OzU7RSEmW-aIi50jd4LJB0Ym8MZ7jxz4%22%3B%7D; PHPSESSID=tu52tkepn3draci01danh13v97t2s8pa; _csrf-backend=96ca4b15edd4b8d7218451f0ec67791b805172b5c62e7cb936ea9b9d7e6e3c7ea%3A2%3A%7Bi%3A0%3Bs%3A13%3A%22_csrf-backend%22%3Bi%3A1%3Bs%3A32%3A%22oHV6GsGI3KhMXdsqjvC6kzFxzCXL-D-j%22%3B%7D'
    'PATH' => 'c:\\ospanel\\modules\\php\\PHP-7.2-x64\\ext;c:\\ospanel\\modules\\php\\PHP-7.2-x64\\pear;c:\\ospanel\\modules\\php\\PHP-7.2-x64\\pear\\bin;c:\\ospanel\\modules\\php\\PHP-7.2-x64;c:\\ospanel\\modules\\imagemagick;c:\\ospanel\\modules\\wget\\bin;c:\\ospanel\\modules\\database\\MySQL-5.6\\bin;c:\\ospanel\\modules\\http\\Apache-PHP-7.2-x64\\bin;c:\\ospanel\\modules\\http\\Apache-PHP-7.2-x64;C:\\Windows\\system32;C:\\Windows;C:\\Windows\\system32\\Wbem;C:\\Windows\\SysWOW64'
    'SystemRoot' => 'C:\\Windows'
    'COMSPEC' => 'C:\\Windows\\system32\\cmd.exe'
    'PATHEXT' => '.COM;.EXE;.BAT;.CMD;.VBS;.VBE;.JS;.JSE;.WSF;.WSH;.MSC'
    'WINDIR' => 'C:\\Windows'
    'SERVER_SIGNATURE' => ''
    'SERVER_SOFTWARE' => 'Apache'
    'SERVER_NAME' => 'agzybir.ogullar'
    'SERVER_ADDR' => '127.0.0.1'
    'SERVER_PORT' => '80'
    'REMOTE_ADDR' => '127.0.0.1'
    'DOCUMENT_ROOT' => 'C:/OSPanel/domains/agzybir.ogullar'
    'REQUEST_SCHEME' => 'http'
    'CONTEXT_PREFIX' => ''
    'CONTEXT_DOCUMENT_ROOT' => 'C:/OSPanel/domains/agzybir.ogullar'
    'SERVER_ADMIN' => '[no address given]'
    'SCRIPT_FILENAME' => 'C:/OSPanel/domains/agzybir.ogullar/backend/web/index.php'
    'REMOTE_PORT' => '16031'
    'REDIRECT_URL' => '/backend/category/index'
    'GATEWAY_INTERFACE' => 'CGI/1.1'
    'SERVER_PROTOCOL' => 'HTTP/1.1'
    'REQUEST_METHOD' => 'GET'
    'QUERY_STRING' => ''
    'REQUEST_URI' => '/backend/category/index'
    'SCRIPT_NAME' => '/backend/web/index.php'
    'PHP_SELF' => '/backend/web/index.php'
    'REQUEST_TIME_FLOAT' => 1621355027.016
    'REQUEST_TIME' => 1621355027
    'argv' => []
    'argc' => 0
]
