2021-04-20 18:11:53 [127.0.0.1][-][-][warning][yii\i18n\PhpMessageSource::loadMessages] The message file for category 'yii' does not exist: C:\OSPanel\domains\agzybir.ogullar\vendor\yiisoft\yii2/messages/tk/yii.php
    in C:\OSPanel\domains\agzybir.ogullar\vendor\omgdef\yii2-multilingual-behavior\src\MultilingualBehavior.php:178
    in C:\OSPanel\domains\agzybir.ogullar\frontend\views\site\index.php:26
    in C:\OSPanel\domains\agzybir.ogullar\frontend\controllers\SiteController.php:156
2021-04-20 18:11:50 [127.0.0.1][-][-][info][application] $_GET = []

$_POST = []

$_FILES = []

$_COOKIE = []

$_SERVER = [
    'REDIRECT_STATUS' => '200'
    'HTTP_HOST' => 'agzybir.ogullar'
    'HTTP_CONNECTION' => 'keep-alive'
    'HTTP_UPGRADE_INSECURE_REQUESTS' => '1'
    'HTTP_USER_AGENT' => 'Mozilla/5.0 (Windows NT 6.1; Win64; x64) AppleWebKit/537.36 (KHTML, like Gecko) Chrome/89.0.4389.128 Safari/537.36'
    'HTTP_ACCEPT' => 'text/html,application/xhtml+xml,application/xml;q=0.9,image/avif,image/webp,image/apng,*/*;q=0.8,application/signed-exchange;v=b3;q=0.9'
    'HTTP_ACCEPT_ENCODING' => 'gzip, deflate'
    'HTTP_ACCEPT_LANGUAGE' => 'ru-RU,ru;q=0.9,en-US;q=0.8,en;q=0.7'
    'PATH' => 'c:\\ospanel\\modules\\php\\PHP-7.2\\ext;c:\\ospanel\\modules\\php\\PHP-7.2\\pear;c:\\ospanel\\modules\\php\\PHP-7.2\\pear\\bin;c:\\ospanel\\modules\\php\\PHP-7.2;c:\\ospanel\\modules\\imagemagick;c:\\ospanel\\modules\\wget\\bin;c:\\ospanel\\modules\\database\\MySQL-5.6\\bin;c:\\ospanel\\modules\\http\\Apache-PHP-7.2\\bin;c:\\ospanel\\modules\\http\\Apache-PHP-7.2;C:\\Windows\\system32;C:\\Windows;C:\\Windows\\system32\\Wbem;C:\\Windows\\SysWOW64'
    'SystemRoot' => 'C:\\Windows'
    'COMSPEC' => 'C:\\Windows\\system32\\cmd.exe'
    'PATHEXT' => '.COM;.EXE;.BAT;.CMD;.VBS;.VBE;.JS;.JSE;.WSF;.WSH;.MSC'
    'WINDIR' => 'C:\\Windows'
    'SERVER_SIGNATURE' => ''
    'SERVER_SOFTWARE' => 'Apache'
    'SERVER_NAME' => 'agzybir.ogullar'
    'SERVER_ADDR' => '127.0.0.1'
    'SERVER_PORT' => '80'
    'REMOTE_ADDR' => '127.0.0.1'
    'DOCUMENT_ROOT' => 'C:/OSPanel/domains/agzybir.ogullar'
    'REQUEST_SCHEME' => 'http'
    'CONTEXT_PREFIX' => ''
    'CONTEXT_DOCUMENT_ROOT' => 'C:/OSPanel/domains/agzybir.ogullar'
    'SERVER_ADMIN' => '[no address given]'
    'SCRIPT_FILENAME' => 'C:/OSPanel/domains/agzybir.ogullar/frontend/web/index.php'
    'REMOTE_PORT' => '1797'
    'REDIRECT_URL' => '/'
    'GATEWAY_INTERFACE' => 'CGI/1.1'
    'SERVER_PROTOCOL' => 'HTTP/1.1'
    'REQUEST_METHOD' => 'GET'
    'QUERY_STRING' => ''
    'REQUEST_URI' => '/'
    'SCRIPT_NAME' => '/frontend/web/index.php'
    'PHP_SELF' => '/frontend/web/index.php'
    'REQUEST_TIME_FLOAT' => 1618924309.716
    'REQUEST_TIME' => 1618924309
    'argv' => []
    'argc' => 0
]
2021-04-20 18:14:36 [127.0.0.1][-][-][warning][yii\i18n\PhpMessageSource::loadMessages] The message file for category 'yii' does not exist: C:\OSPanel\domains\agzybir.ogullar\vendor\yiisoft\yii2/messages/tk/yii.php
    in C:\OSPanel\domains\agzybir.ogullar\vendor\omgdef\yii2-multilingual-behavior\src\MultilingualBehavior.php:178
    in C:\OSPanel\domains\agzybir.ogullar\frontend\views\site\index.php:26
    in C:\OSPanel\domains\agzybir.ogullar\frontend\controllers\SiteController.php:156
2021-04-20 18:14:35 [127.0.0.1][-][-][info][application] $_GET = []

$_POST = []

$_FILES = []

$_COOKIE = [
    '_csrf-frontend' => 'e97b1dff4e6be3b59769c02861eaf0a59dbc8125b67e64b2c26ca7b1371e5f66a:2:{i:0;s:14:\"_csrf-frontend\";i:1;s:32:\"Jd9x5rCFtYGSzuLj0WXhHiYDXg1sYqNQ\";}'
]

$_SERVER = [
    'REDIRECT_STATUS' => '200'
    'HTTP_HOST' => 'agzybir.ogullar'
    'HTTP_CONNECTION' => 'keep-alive'
    'HTTP_PRAGMA' => 'no-cache'
    'HTTP_CACHE_CONTROL' => 'no-cache'
    'HTTP_UPGRADE_INSECURE_REQUESTS' => '1'
    'HTTP_USER_AGENT' => 'Mozilla/5.0 (Windows NT 6.1; Win64; x64) AppleWebKit/537.36 (KHTML, like Gecko) Chrome/89.0.4389.128 Safari/537.36'
    'HTTP_ACCEPT' => 'text/html,application/xhtml+xml,application/xml;q=0.9,image/avif,image/webp,image/apng,*/*;q=0.8,application/signed-exchange;v=b3;q=0.9'
    'HTTP_ACCEPT_ENCODING' => 'gzip, deflate'
    'HTTP_ACCEPT_LANGUAGE' => 'ru-RU,ru;q=0.9,en-US;q=0.8,en;q=0.7'
    'HTTP_COOKIE' => '_csrf-frontend=e97b1dff4e6be3b59769c02861eaf0a59dbc8125b67e64b2c26ca7b1371e5f66a%3A2%3A%7Bi%3A0%3Bs%3A14%3A%22_csrf-frontend%22%3Bi%3A1%3Bs%3A32%3A%22Jd9x5rCFtYGSzuLj0WXhHiYDXg1sYqNQ%22%3B%7D'
    'PATH' => 'c:\\ospanel\\modules\\php\\PHP-7.2\\ext;c:\\ospanel\\modules\\php\\PHP-7.2\\pear;c:\\ospanel\\modules\\php\\PHP-7.2\\pear\\bin;c:\\ospanel\\modules\\php\\PHP-7.2;c:\\ospanel\\modules\\imagemagick;c:\\ospanel\\modules\\wget\\bin;c:\\ospanel\\modules\\database\\MySQL-5.6\\bin;c:\\ospanel\\modules\\http\\Apache-PHP-7.2\\bin;c:\\ospanel\\modules\\http\\Apache-PHP-7.2;C:\\Windows\\system32;C:\\Windows;C:\\Windows\\system32\\Wbem;C:\\Windows\\SysWOW64'
    'SystemRoot' => 'C:\\Windows'
    'COMSPEC' => 'C:\\Windows\\system32\\cmd.exe'
    'PATHEXT' => '.COM;.EXE;.BAT;.CMD;.VBS;.VBE;.JS;.JSE;.WSF;.WSH;.MSC'
    'WINDIR' => 'C:\\Windows'
    'SERVER_SIGNATURE' => ''
    'SERVER_SOFTWARE' => 'Apache'
    'SERVER_NAME' => 'agzybir.ogullar'
    'SERVER_ADDR' => '127.0.0.1'
    'SERVER_PORT' => '80'
    'REMOTE_ADDR' => '127.0.0.1'
    'DOCUMENT_ROOT' => 'C:/OSPanel/domains/agzybir.ogullar'
    'REQUEST_SCHEME' => 'http'
    'CONTEXT_PREFIX' => ''
    'CONTEXT_DOCUMENT_ROOT' => 'C:/OSPanel/domains/agzybir.ogullar'
    'SERVER_ADMIN' => '[no address given]'
    'SCRIPT_FILENAME' => 'C:/OSPanel/domains/agzybir.ogullar/frontend/web/index.php'
    'REMOTE_PORT' => '1956'
    'REDIRECT_URL' => '/'
    'GATEWAY_INTERFACE' => 'CGI/1.1'
    'SERVER_PROTOCOL' => 'HTTP/1.1'
    'REQUEST_METHOD' => 'GET'
    'QUERY_STRING' => ''
    'REQUEST_URI' => '/'
    'SCRIPT_NAME' => '/frontend/web/index.php'
    'PHP_SELF' => '/frontend/web/index.php'
    'REQUEST_TIME_FLOAT' => 1618924474.832
    'REQUEST_TIME' => 1618924474
    'argv' => []
    'argc' => 0
]
2021-04-20 18:17:30 [127.0.0.1][-][-][warning][yii\i18n\PhpMessageSource::loadMessages] The message file for category 'yii' does not exist: C:\OSPanel\domains\agzybir.ogullar\vendor\yiisoft\yii2/messages/tk/yii.php
    in C:\OSPanel\domains\agzybir.ogullar\vendor\omgdef\yii2-multilingual-behavior\src\MultilingualBehavior.php:178
    in C:\OSPanel\domains\agzybir.ogullar\frontend\views\site\index.php:26
    in C:\OSPanel\domains\agzybir.ogullar\frontend\controllers\SiteController.php:156
2021-04-20 18:17:29 [127.0.0.1][-][-][info][application] $_GET = []

$_POST = []

$_FILES = []

$_COOKIE = [
    '_csrf-frontend' => 'e97b1dff4e6be3b59769c02861eaf0a59dbc8125b67e64b2c26ca7b1371e5f66a:2:{i:0;s:14:\"_csrf-frontend\";i:1;s:32:\"Jd9x5rCFtYGSzuLj0WXhHiYDXg1sYqNQ\";}'
]

$_SERVER = [
    'REDIRECT_STATUS' => '200'
    'HTTP_HOST' => 'agzybir.ogullar'
    'HTTP_CONNECTION' => 'keep-alive'
    'HTTP_PRAGMA' => 'no-cache'
    'HTTP_CACHE_CONTROL' => 'no-cache'
    'HTTP_UPGRADE_INSECURE_REQUESTS' => '1'
    'HTTP_USER_AGENT' => 'Mozilla/5.0 (Windows NT 6.1; Win64; x64) AppleWebKit/537.36 (KHTML, like Gecko) Chrome/89.0.4389.128 Safari/537.36'
    'HTTP_ACCEPT' => 'text/html,application/xhtml+xml,application/xml;q=0.9,image/avif,image/webp,image/apng,*/*;q=0.8,application/signed-exchange;v=b3;q=0.9'
    'HTTP_ACCEPT_ENCODING' => 'gzip, deflate'
    'HTTP_ACCEPT_LANGUAGE' => 'ru-RU,ru;q=0.9,en-US;q=0.8,en;q=0.7'
    'HTTP_COOKIE' => '_csrf-frontend=e97b1dff4e6be3b59769c02861eaf0a59dbc8125b67e64b2c26ca7b1371e5f66a%3A2%3A%7Bi%3A0%3Bs%3A14%3A%22_csrf-frontend%22%3Bi%3A1%3Bs%3A32%3A%22Jd9x5rCFtYGSzuLj0WXhHiYDXg1sYqNQ%22%3B%7D'
    'PATH' => 'c:\\ospanel\\modules\\php\\PHP-7.2\\ext;c:\\ospanel\\modules\\php\\PHP-7.2\\pear;c:\\ospanel\\modules\\php\\PHP-7.2\\pear\\bin;c:\\ospanel\\modules\\php\\PHP-7.2;c:\\ospanel\\modules\\imagemagick;c:\\ospanel\\modules\\wget\\bin;c:\\ospanel\\modules\\database\\MySQL-5.6\\bin;c:\\ospanel\\modules\\http\\Apache-PHP-7.2\\bin;c:\\ospanel\\modules\\http\\Apache-PHP-7.2;C:\\Windows\\system32;C:\\Windows;C:\\Windows\\system32\\Wbem;C:\\Windows\\SysWOW64'
    'SystemRoot' => 'C:\\Windows'
    'COMSPEC' => 'C:\\Windows\\system32\\cmd.exe'
    'PATHEXT' => '.COM;.EXE;.BAT;.CMD;.VBS;.VBE;.JS;.JSE;.WSF;.WSH;.MSC'
    'WINDIR' => 'C:\\Windows'
    'SERVER_SIGNATURE' => ''
    'SERVER_SOFTWARE' => 'Apache'
    'SERVER_NAME' => 'agzybir.ogullar'
    'SERVER_ADDR' => '127.0.0.1'
    'SERVER_PORT' => '80'
    'REMOTE_ADDR' => '127.0.0.1'
    'DOCUMENT_ROOT' => 'C:/OSPanel/domains/agzybir.ogullar'
    'REQUEST_SCHEME' => 'http'
    'CONTEXT_PREFIX' => ''
    'CONTEXT_DOCUMENT_ROOT' => 'C:/OSPanel/domains/agzybir.ogullar'
    'SERVER_ADMIN' => '[no address given]'
    'SCRIPT_FILENAME' => 'C:/OSPanel/domains/agzybir.ogullar/frontend/web/index.php'
    'REMOTE_PORT' => '2147'
    'REDIRECT_URL' => '/'
    'GATEWAY_INTERFACE' => 'CGI/1.1'
    'SERVER_PROTOCOL' => 'HTTP/1.1'
    'REQUEST_METHOD' => 'GET'
    'QUERY_STRING' => ''
    'REQUEST_URI' => '/'
    'SCRIPT_NAME' => '/frontend/web/index.php'
    'PHP_SELF' => '/frontend/web/index.php'
    'REQUEST_TIME_FLOAT' => 1618924649.633
    'REQUEST_TIME' => 1618924649
    'argv' => []
    'argc' => 0
]
2021-04-20 18:18:30 [127.0.0.1][-][-][warning][yii\i18n\PhpMessageSource::loadMessages] The message file for category 'yii' does not exist: C:\OSPanel\domains\agzybir.ogullar\vendor\yiisoft\yii2/messages/tk/yii.php
    in C:\OSPanel\domains\agzybir.ogullar\vendor\omgdef\yii2-multilingual-behavior\src\MultilingualBehavior.php:178
    in C:\OSPanel\domains\agzybir.ogullar\frontend\views\site\index.php:26
    in C:\OSPanel\domains\agzybir.ogullar\frontend\controllers\SiteController.php:156
2021-04-20 18:18:29 [127.0.0.1][-][-][info][application] $_GET = []

$_POST = []

$_FILES = []

$_COOKIE = [
    '_csrf-frontend' => 'e97b1dff4e6be3b59769c02861eaf0a59dbc8125b67e64b2c26ca7b1371e5f66a:2:{i:0;s:14:\"_csrf-frontend\";i:1;s:32:\"Jd9x5rCFtYGSzuLj0WXhHiYDXg1sYqNQ\";}'
]

$_SERVER = [
    'REDIRECT_STATUS' => '200'
    'HTTP_HOST' => 'agzybir.ogullar'
    'HTTP_CONNECTION' => 'keep-alive'
    'HTTP_PRAGMA' => 'no-cache'
    'HTTP_CACHE_CONTROL' => 'no-cache'
    'HTTP_UPGRADE_INSECURE_REQUESTS' => '1'
    'HTTP_USER_AGENT' => 'Mozilla/5.0 (Linux; Android 6.0; Nexus 5 Build/MRA58N) AppleWebKit/537.36 (KHTML, like Gecko) Chrome/89.0.4389.128 Mobile Safari/537.36'
    'HTTP_ACCEPT' => 'text/html,application/xhtml+xml,application/xml;q=0.9,image/avif,image/webp,image/apng,*/*;q=0.8,application/signed-exchange;v=b3;q=0.9'
    'HTTP_ACCEPT_ENCODING' => 'gzip, deflate'
    'HTTP_ACCEPT_LANGUAGE' => 'ru-RU,ru;q=0.9,en-US;q=0.8,en;q=0.7'
    'HTTP_COOKIE' => '_csrf-frontend=e97b1dff4e6be3b59769c02861eaf0a59dbc8125b67e64b2c26ca7b1371e5f66a%3A2%3A%7Bi%3A0%3Bs%3A14%3A%22_csrf-frontend%22%3Bi%3A1%3Bs%3A32%3A%22Jd9x5rCFtYGSzuLj0WXhHiYDXg1sYqNQ%22%3B%7D'
    'PATH' => 'c:\\ospanel\\modules\\php\\PHP-7.2\\ext;c:\\ospanel\\modules\\php\\PHP-7.2\\pear;c:\\ospanel\\modules\\php\\PHP-7.2\\pear\\bin;c:\\ospanel\\modules\\php\\PHP-7.2;c:\\ospanel\\modules\\imagemagick;c:\\ospanel\\modules\\wget\\bin;c:\\ospanel\\modules\\database\\MySQL-5.6\\bin;c:\\ospanel\\modules\\http\\Apache-PHP-7.2\\bin;c:\\ospanel\\modules\\http\\Apache-PHP-7.2;C:\\Windows\\system32;C:\\Windows;C:\\Windows\\system32\\Wbem;C:\\Windows\\SysWOW64'
    'SystemRoot' => 'C:\\Windows'
    'COMSPEC' => 'C:\\Windows\\system32\\cmd.exe'
    'PATHEXT' => '.COM;.EXE;.BAT;.CMD;.VBS;.VBE;.JS;.JSE;.WSF;.WSH;.MSC'
    'WINDIR' => 'C:\\Windows'
    'SERVER_SIGNATURE' => ''
    'SERVER_SOFTWARE' => 'Apache'
    'SERVER_NAME' => 'agzybir.ogullar'
    'SERVER_ADDR' => '127.0.0.1'
    'SERVER_PORT' => '80'
    'REMOTE_ADDR' => '127.0.0.1'
    'DOCUMENT_ROOT' => 'C:/OSPanel/domains/agzybir.ogullar'
    'REQUEST_SCHEME' => 'http'
    'CONTEXT_PREFIX' => ''
    'CONTEXT_DOCUMENT_ROOT' => 'C:/OSPanel/domains/agzybir.ogullar'
    'SERVER_ADMIN' => '[no address given]'
    'SCRIPT_FILENAME' => 'C:/OSPanel/domains/agzybir.ogullar/frontend/web/index.php'
    'REMOTE_PORT' => '2205'
    'REDIRECT_URL' => '/'
    'GATEWAY_INTERFACE' => 'CGI/1.1'
    'SERVER_PROTOCOL' => 'HTTP/1.1'
    'REQUEST_METHOD' => 'GET'
    'QUERY_STRING' => ''
    'REQUEST_URI' => '/'
    'SCRIPT_NAME' => '/frontend/web/index.php'
    'PHP_SELF' => '/frontend/web/index.php'
    'REQUEST_TIME_FLOAT' => 1618924709.429
    'REQUEST_TIME' => 1618924709
    'argv' => []
    'argc' => 0
]
2021-04-20 18:26:29 [127.0.0.1][-][-][warning][yii\i18n\PhpMessageSource::loadMessages] The message file for category 'yii' does not exist: C:\OSPanel\domains\agzybir.ogullar\vendor\yiisoft\yii2/messages/tk/yii.php
    in C:\OSPanel\domains\agzybir.ogullar\vendor\omgdef\yii2-multilingual-behavior\src\MultilingualBehavior.php:178
    in C:\OSPanel\domains\agzybir.ogullar\frontend\views\site\index.php:26
    in C:\OSPanel\domains\agzybir.ogullar\frontend\controllers\SiteController.php:156
2021-04-20 18:26:28 [127.0.0.1][-][-][info][application] $_GET = []

$_POST = []

$_FILES = []

$_COOKIE = [
    '_csrf-frontend' => 'e97b1dff4e6be3b59769c02861eaf0a59dbc8125b67e64b2c26ca7b1371e5f66a:2:{i:0;s:14:\"_csrf-frontend\";i:1;s:32:\"Jd9x5rCFtYGSzuLj0WXhHiYDXg1sYqNQ\";}'
]

$_SERVER = [
    'REDIRECT_STATUS' => '200'
    'HTTP_HOST' => 'agzybir.ogullar'
    'HTTP_CONNECTION' => 'keep-alive'
    'HTTP_PRAGMA' => 'no-cache'
    'HTTP_CACHE_CONTROL' => 'no-cache'
    'HTTP_UPGRADE_INSECURE_REQUESTS' => '1'
    'HTTP_USER_AGENT' => 'Mozilla/5.0 (Windows NT 6.1; Win64; x64) AppleWebKit/537.36 (KHTML, like Gecko) Chrome/89.0.4389.128 Safari/537.36'
    'HTTP_ACCEPT' => 'text/html,application/xhtml+xml,application/xml;q=0.9,image/avif,image/webp,image/apng,*/*;q=0.8,application/signed-exchange;v=b3;q=0.9'
    'HTTP_ACCEPT_ENCODING' => 'gzip, deflate'
    'HTTP_ACCEPT_LANGUAGE' => 'ru-RU,ru;q=0.9,en-US;q=0.8,en;q=0.7'
    'HTTP_COOKIE' => '_csrf-frontend=e97b1dff4e6be3b59769c02861eaf0a59dbc8125b67e64b2c26ca7b1371e5f66a%3A2%3A%7Bi%3A0%3Bs%3A14%3A%22_csrf-frontend%22%3Bi%3A1%3Bs%3A32%3A%22Jd9x5rCFtYGSzuLj0WXhHiYDXg1sYqNQ%22%3B%7D'
    'PATH' => 'c:\\ospanel\\modules\\php\\PHP-7.2\\ext;c:\\ospanel\\modules\\php\\PHP-7.2\\pear;c:\\ospanel\\modules\\php\\PHP-7.2\\pear\\bin;c:\\ospanel\\modules\\php\\PHP-7.2;c:\\ospanel\\modules\\imagemagick;c:\\ospanel\\modules\\wget\\bin;c:\\ospanel\\modules\\database\\MySQL-5.6\\bin;c:\\ospanel\\modules\\http\\Apache-PHP-7.2\\bin;c:\\ospanel\\modules\\http\\Apache-PHP-7.2;C:\\Windows\\system32;C:\\Windows;C:\\Windows\\system32\\Wbem;C:\\Windows\\SysWOW64'
    'SystemRoot' => 'C:\\Windows'
    'COMSPEC' => 'C:\\Windows\\system32\\cmd.exe'
    'PATHEXT' => '.COM;.EXE;.BAT;.CMD;.VBS;.VBE;.JS;.JSE;.WSF;.WSH;.MSC'
    'WINDIR' => 'C:\\Windows'
    'SERVER_SIGNATURE' => ''
    'SERVER_SOFTWARE' => 'Apache'
    'SERVER_NAME' => 'agzybir.ogullar'
    'SERVER_ADDR' => '127.0.0.1'
    'SERVER_PORT' => '80'
    'REMOTE_ADDR' => '127.0.0.1'
    'DOCUMENT_ROOT' => 'C:/OSPanel/domains/agzybir.ogullar'
    'REQUEST_SCHEME' => 'http'
    'CONTEXT_PREFIX' => ''
    'CONTEXT_DOCUMENT_ROOT' => 'C:/OSPanel/domains/agzybir.ogullar'
    'SERVER_ADMIN' => '[no address given]'
    'SCRIPT_FILENAME' => 'C:/OSPanel/domains/agzybir.ogullar/frontend/web/index.php'
    'REMOTE_PORT' => '2608'
    'REDIRECT_URL' => '/'
    'GATEWAY_INTERFACE' => 'CGI/1.1'
    'SERVER_PROTOCOL' => 'HTTP/1.1'
    'REQUEST_METHOD' => 'GET'
    'QUERY_STRING' => ''
    'REQUEST_URI' => '/'
    'SCRIPT_NAME' => '/frontend/web/index.php'
    'PHP_SELF' => '/frontend/web/index.php'
    'REQUEST_TIME_FLOAT' => 1618925188.406
    'REQUEST_TIME' => 1618925188
    'argv' => []
    'argc' => 0
]
2021-04-20 18:28:01 [127.0.0.1][-][-][warning][yii\i18n\PhpMessageSource::loadMessages] The message file for category 'yii' does not exist: C:\OSPanel\domains\agzybir.ogullar\vendor\yiisoft\yii2/messages/tk/yii.php
    in C:\OSPanel\domains\agzybir.ogullar\vendor\omgdef\yii2-multilingual-behavior\src\MultilingualBehavior.php:178
    in C:\OSPanel\domains\agzybir.ogullar\frontend\views\site\index.php:26
    in C:\OSPanel\domains\agzybir.ogullar\frontend\controllers\SiteController.php:156
2021-04-20 18:28:00 [127.0.0.1][-][-][info][application] $_GET = []

$_POST = []

$_FILES = []

$_COOKIE = [
    '_csrf-frontend' => 'e97b1dff4e6be3b59769c02861eaf0a59dbc8125b67e64b2c26ca7b1371e5f66a:2:{i:0;s:14:\"_csrf-frontend\";i:1;s:32:\"Jd9x5rCFtYGSzuLj0WXhHiYDXg1sYqNQ\";}'
]

$_SERVER = [
    'REDIRECT_STATUS' => '200'
    'HTTP_HOST' => 'agzybir.ogullar'
    'HTTP_CONNECTION' => 'keep-alive'
    'HTTP_PRAGMA' => 'no-cache'
    'HTTP_CACHE_CONTROL' => 'no-cache'
    'HTTP_UPGRADE_INSECURE_REQUESTS' => '1'
    'HTTP_USER_AGENT' => 'Mozilla/5.0 (Windows NT 6.1; Win64; x64) AppleWebKit/537.36 (KHTML, like Gecko) Chrome/89.0.4389.128 Safari/537.36'
    'HTTP_ACCEPT' => 'text/html,application/xhtml+xml,application/xml;q=0.9,image/avif,image/webp,image/apng,*/*;q=0.8,application/signed-exchange;v=b3;q=0.9'
    'HTTP_ACCEPT_ENCODING' => 'gzip, deflate'
    'HTTP_ACCEPT_LANGUAGE' => 'ru-RU,ru;q=0.9,en-US;q=0.8,en;q=0.7'
    'HTTP_COOKIE' => '_csrf-frontend=e97b1dff4e6be3b59769c02861eaf0a59dbc8125b67e64b2c26ca7b1371e5f66a%3A2%3A%7Bi%3A0%3Bs%3A14%3A%22_csrf-frontend%22%3Bi%3A1%3Bs%3A32%3A%22Jd9x5rCFtYGSzuLj0WXhHiYDXg1sYqNQ%22%3B%7D'
    'PATH' => 'c:\\ospanel\\modules\\php\\PHP-7.2\\ext;c:\\ospanel\\modules\\php\\PHP-7.2\\pear;c:\\ospanel\\modules\\php\\PHP-7.2\\pear\\bin;c:\\ospanel\\modules\\php\\PHP-7.2;c:\\ospanel\\modules\\imagemagick;c:\\ospanel\\modules\\wget\\bin;c:\\ospanel\\modules\\database\\MySQL-5.6\\bin;c:\\ospanel\\modules\\http\\Apache-PHP-7.2\\bin;c:\\ospanel\\modules\\http\\Apache-PHP-7.2;C:\\Windows\\system32;C:\\Windows;C:\\Windows\\system32\\Wbem;C:\\Windows\\SysWOW64'
    'SystemRoot' => 'C:\\Windows'
    'COMSPEC' => 'C:\\Windows\\system32\\cmd.exe'
    'PATHEXT' => '.COM;.EXE;.BAT;.CMD;.VBS;.VBE;.JS;.JSE;.WSF;.WSH;.MSC'
    'WINDIR' => 'C:\\Windows'
    'SERVER_SIGNATURE' => ''
    'SERVER_SOFTWARE' => 'Apache'
    'SERVER_NAME' => 'agzybir.ogullar'
    'SERVER_ADDR' => '127.0.0.1'
    'SERVER_PORT' => '80'
    'REMOTE_ADDR' => '127.0.0.1'
    'DOCUMENT_ROOT' => 'C:/OSPanel/domains/agzybir.ogullar'
    'REQUEST_SCHEME' => 'http'
    'CONTEXT_PREFIX' => ''
    'CONTEXT_DOCUMENT_ROOT' => 'C:/OSPanel/domains/agzybir.ogullar'
    'SERVER_ADMIN' => '[no address given]'
    'SCRIPT_FILENAME' => 'C:/OSPanel/domains/agzybir.ogullar/frontend/web/index.php'
    'REMOTE_PORT' => '2692'
    'REDIRECT_URL' => '/'
    'GATEWAY_INTERFACE' => 'CGI/1.1'
    'SERVER_PROTOCOL' => 'HTTP/1.1'
    'REQUEST_METHOD' => 'GET'
    'QUERY_STRING' => ''
    'REQUEST_URI' => '/'
    'SCRIPT_NAME' => '/frontend/web/index.php'
    'PHP_SELF' => '/frontend/web/index.php'
    'REQUEST_TIME_FLOAT' => 1618925280.503
    'REQUEST_TIME' => 1618925280
    'argv' => []
    'argc' => 0
]
2021-04-20 18:31:40 [127.0.0.1][-][-][warning][yii\i18n\PhpMessageSource::loadMessages] The message file for category 'yii' does not exist: C:\OSPanel\domains\agzybir.ogullar\vendor\yiisoft\yii2/messages/tk/yii.php
    in C:\OSPanel\domains\agzybir.ogullar\vendor\omgdef\yii2-multilingual-behavior\src\MultilingualBehavior.php:178
    in C:\OSPanel\domains\agzybir.ogullar\frontend\views\site\index.php:26
    in C:\OSPanel\domains\agzybir.ogullar\frontend\controllers\SiteController.php:156
2021-04-20 18:31:40 [127.0.0.1][-][-][info][application] $_GET = []

$_POST = []

$_FILES = []

$_COOKIE = [
    '_csrf-frontend' => 'e97b1dff4e6be3b59769c02861eaf0a59dbc8125b67e64b2c26ca7b1371e5f66a:2:{i:0;s:14:\"_csrf-frontend\";i:1;s:32:\"Jd9x5rCFtYGSzuLj0WXhHiYDXg1sYqNQ\";}'
]

$_SERVER = [
    'REDIRECT_STATUS' => '200'
    'HTTP_HOST' => 'agzybir.ogullar'
    'HTTP_CONNECTION' => 'keep-alive'
    'HTTP_PRAGMA' => 'no-cache'
    'HTTP_CACHE_CONTROL' => 'no-cache'
    'HTTP_UPGRADE_INSECURE_REQUESTS' => '1'
    'HTTP_USER_AGENT' => 'Mozilla/5.0 (Windows NT 6.1; Win64; x64) AppleWebKit/537.36 (KHTML, like Gecko) Chrome/89.0.4389.128 Safari/537.36'
    'HTTP_ACCEPT' => 'text/html,application/xhtml+xml,application/xml;q=0.9,image/avif,image/webp,image/apng,*/*;q=0.8,application/signed-exchange;v=b3;q=0.9'
    'HTTP_ACCEPT_ENCODING' => 'gzip, deflate'
    'HTTP_ACCEPT_LANGUAGE' => 'ru-RU,ru;q=0.9,en-US;q=0.8,en;q=0.7'
    'HTTP_COOKIE' => '_csrf-frontend=e97b1dff4e6be3b59769c02861eaf0a59dbc8125b67e64b2c26ca7b1371e5f66a%3A2%3A%7Bi%3A0%3Bs%3A14%3A%22_csrf-frontend%22%3Bi%3A1%3Bs%3A32%3A%22Jd9x5rCFtYGSzuLj0WXhHiYDXg1sYqNQ%22%3B%7D'
    'PATH' => 'c:\\ospanel\\modules\\php\\PHP-7.2\\ext;c:\\ospanel\\modules\\php\\PHP-7.2\\pear;c:\\ospanel\\modules\\php\\PHP-7.2\\pear\\bin;c:\\ospanel\\modules\\php\\PHP-7.2;c:\\ospanel\\modules\\imagemagick;c:\\ospanel\\modules\\wget\\bin;c:\\ospanel\\modules\\database\\MySQL-5.6\\bin;c:\\ospanel\\modules\\http\\Apache-PHP-7.2\\bin;c:\\ospanel\\modules\\http\\Apache-PHP-7.2;C:\\Windows\\system32;C:\\Windows;C:\\Windows\\system32\\Wbem;C:\\Windows\\SysWOW64'
    'SystemRoot' => 'C:\\Windows'
    'COMSPEC' => 'C:\\Windows\\system32\\cmd.exe'
    'PATHEXT' => '.COM;.EXE;.BAT;.CMD;.VBS;.VBE;.JS;.JSE;.WSF;.WSH;.MSC'
    'WINDIR' => 'C:\\Windows'
    'SERVER_SIGNATURE' => ''
    'SERVER_SOFTWARE' => 'Apache'
    'SERVER_NAME' => 'agzybir.ogullar'
    'SERVER_ADDR' => '127.0.0.1'
    'SERVER_PORT' => '80'
    'REMOTE_ADDR' => '127.0.0.1'
    'DOCUMENT_ROOT' => 'C:/OSPanel/domains/agzybir.ogullar'
    'REQUEST_SCHEME' => 'http'
    'CONTEXT_PREFIX' => ''
    'CONTEXT_DOCUMENT_ROOT' => 'C:/OSPanel/domains/agzybir.ogullar'
    'SERVER_ADMIN' => '[no address given]'
    'SCRIPT_FILENAME' => 'C:/OSPanel/domains/agzybir.ogullar/frontend/web/index.php'
    'REMOTE_PORT' => '2881'
    'REDIRECT_URL' => '/'
    'GATEWAY_INTERFACE' => 'CGI/1.1'
    'SERVER_PROTOCOL' => 'HTTP/1.1'
    'REQUEST_METHOD' => 'GET'
    'QUERY_STRING' => ''
    'REQUEST_URI' => '/'
    'SCRIPT_NAME' => '/frontend/web/index.php'
    'PHP_SELF' => '/frontend/web/index.php'
    'REQUEST_TIME_FLOAT' => 1618925500.076
    'REQUEST_TIME' => 1618925500
    'argv' => []
    'argc' => 0
]
2021-04-20 18:34:26 [127.0.0.1][-][-][warning][yii\i18n\PhpMessageSource::loadMessages] The message file for category 'yii' does not exist: C:\OSPanel\domains\agzybir.ogullar\vendor\yiisoft\yii2/messages/tk/yii.php
    in C:\OSPanel\domains\agzybir.ogullar\vendor\omgdef\yii2-multilingual-behavior\src\MultilingualBehavior.php:178
    in C:\OSPanel\domains\agzybir.ogullar\frontend\views\site\index.php:26
    in C:\OSPanel\domains\agzybir.ogullar\frontend\controllers\SiteController.php:156
2021-04-20 18:34:26 [127.0.0.1][-][-][info][application] $_GET = []

$_POST = []

$_FILES = []

$_COOKIE = [
    '_csrf-frontend' => 'e97b1dff4e6be3b59769c02861eaf0a59dbc8125b67e64b2c26ca7b1371e5f66a:2:{i:0;s:14:\"_csrf-frontend\";i:1;s:32:\"Jd9x5rCFtYGSzuLj0WXhHiYDXg1sYqNQ\";}'
]

$_SERVER = [
    'REDIRECT_STATUS' => '200'
    'HTTP_HOST' => 'agzybir.ogullar'
    'HTTP_CONNECTION' => 'keep-alive'
    'HTTP_PRAGMA' => 'no-cache'
    'HTTP_CACHE_CONTROL' => 'no-cache'
    'HTTP_UPGRADE_INSECURE_REQUESTS' => '1'
    'HTTP_USER_AGENT' => 'Mozilla/5.0 (Windows NT 6.1; Win64; x64) AppleWebKit/537.36 (KHTML, like Gecko) Chrome/89.0.4389.128 Safari/537.36'
    'HTTP_ACCEPT' => 'text/html,application/xhtml+xml,application/xml;q=0.9,image/avif,image/webp,image/apng,*/*;q=0.8,application/signed-exchange;v=b3;q=0.9'
    'HTTP_ACCEPT_ENCODING' => 'gzip, deflate'
    'HTTP_ACCEPT_LANGUAGE' => 'ru-RU,ru;q=0.9,en-US;q=0.8,en;q=0.7'
    'HTTP_COOKIE' => '_csrf-frontend=e97b1dff4e6be3b59769c02861eaf0a59dbc8125b67e64b2c26ca7b1371e5f66a%3A2%3A%7Bi%3A0%3Bs%3A14%3A%22_csrf-frontend%22%3Bi%3A1%3Bs%3A32%3A%22Jd9x5rCFtYGSzuLj0WXhHiYDXg1sYqNQ%22%3B%7D'
    'PATH' => 'c:\\ospanel\\modules\\php\\PHP-7.2\\ext;c:\\ospanel\\modules\\php\\PHP-7.2\\pear;c:\\ospanel\\modules\\php\\PHP-7.2\\pear\\bin;c:\\ospanel\\modules\\php\\PHP-7.2;c:\\ospanel\\modules\\imagemagick;c:\\ospanel\\modules\\wget\\bin;c:\\ospanel\\modules\\database\\MySQL-5.6\\bin;c:\\ospanel\\modules\\http\\Apache-PHP-7.2\\bin;c:\\ospanel\\modules\\http\\Apache-PHP-7.2;C:\\Windows\\system32;C:\\Windows;C:\\Windows\\system32\\Wbem;C:\\Windows\\SysWOW64'
    'SystemRoot' => 'C:\\Windows'
    'COMSPEC' => 'C:\\Windows\\system32\\cmd.exe'
    'PATHEXT' => '.COM;.EXE;.BAT;.CMD;.VBS;.VBE;.JS;.JSE;.WSF;.WSH;.MSC'
    'WINDIR' => 'C:\\Windows'
    'SERVER_SIGNATURE' => ''
    'SERVER_SOFTWARE' => 'Apache'
    'SERVER_NAME' => 'agzybir.ogullar'
    'SERVER_ADDR' => '127.0.0.1'
    'SERVER_PORT' => '80'
    'REMOTE_ADDR' => '127.0.0.1'
    'DOCUMENT_ROOT' => 'C:/OSPanel/domains/agzybir.ogullar'
    'REQUEST_SCHEME' => 'http'
    'CONTEXT_PREFIX' => ''
    'CONTEXT_DOCUMENT_ROOT' => 'C:/OSPanel/domains/agzybir.ogullar'
    'SERVER_ADMIN' => '[no address given]'
    'SCRIPT_FILENAME' => 'C:/OSPanel/domains/agzybir.ogullar/frontend/web/index.php'
    'REMOTE_PORT' => '3025'
    'REDIRECT_URL' => '/'
    'GATEWAY_INTERFACE' => 'CGI/1.1'
    'SERVER_PROTOCOL' => 'HTTP/1.1'
    'REQUEST_METHOD' => 'GET'
    'QUERY_STRING' => ''
    'REQUEST_URI' => '/'
    'SCRIPT_NAME' => '/frontend/web/index.php'
    'PHP_SELF' => '/frontend/web/index.php'
    'REQUEST_TIME_FLOAT' => 1618925666.465
    'REQUEST_TIME' => 1618925666
    'argv' => []
    'argc' => 0
]
2021-04-20 18:34:58 [127.0.0.1][-][-][warning][yii\i18n\PhpMessageSource::loadMessages] The message file for category 'yii' does not exist: C:\OSPanel\domains\agzybir.ogullar\vendor\yiisoft\yii2/messages/tk/yii.php
    in C:\OSPanel\domains\agzybir.ogullar\vendor\omgdef\yii2-multilingual-behavior\src\MultilingualBehavior.php:178
    in C:\OSPanel\domains\agzybir.ogullar\frontend\views\site\index.php:26
    in C:\OSPanel\domains\agzybir.ogullar\frontend\controllers\SiteController.php:156
2021-04-20 18:34:57 [127.0.0.1][-][-][info][application] $_GET = []

$_POST = []

$_FILES = []

$_COOKIE = [
    '_csrf-frontend' => 'e97b1dff4e6be3b59769c02861eaf0a59dbc8125b67e64b2c26ca7b1371e5f66a:2:{i:0;s:14:\"_csrf-frontend\";i:1;s:32:\"Jd9x5rCFtYGSzuLj0WXhHiYDXg1sYqNQ\";}'
]

$_SERVER = [
    'REDIRECT_STATUS' => '200'
    'HTTP_HOST' => 'agzybir.ogullar'
    'HTTP_CONNECTION' => 'keep-alive'
    'HTTP_PRAGMA' => 'no-cache'
    'HTTP_CACHE_CONTROL' => 'no-cache'
    'HTTP_UPGRADE_INSECURE_REQUESTS' => '1'
    'HTTP_USER_AGENT' => 'Mozilla/5.0 (Windows NT 6.1; Win64; x64) AppleWebKit/537.36 (KHTML, like Gecko) Chrome/89.0.4389.128 Safari/537.36'
    'HTTP_ACCEPT' => 'text/html,application/xhtml+xml,application/xml;q=0.9,image/avif,image/webp,image/apng,*/*;q=0.8,application/signed-exchange;v=b3;q=0.9'
    'HTTP_ACCEPT_ENCODING' => 'gzip, deflate'
    'HTTP_ACCEPT_LANGUAGE' => 'ru-RU,ru;q=0.9,en-US;q=0.8,en;q=0.7'
    'HTTP_COOKIE' => '_csrf-frontend=e97b1dff4e6be3b59769c02861eaf0a59dbc8125b67e64b2c26ca7b1371e5f66a%3A2%3A%7Bi%3A0%3Bs%3A14%3A%22_csrf-frontend%22%3Bi%3A1%3Bs%3A32%3A%22Jd9x5rCFtYGSzuLj0WXhHiYDXg1sYqNQ%22%3B%7D'
    'PATH' => 'c:\\ospanel\\modules\\php\\PHP-7.2\\ext;c:\\ospanel\\modules\\php\\PHP-7.2\\pear;c:\\ospanel\\modules\\php\\PHP-7.2\\pear\\bin;c:\\ospanel\\modules\\php\\PHP-7.2;c:\\ospanel\\modules\\imagemagick;c:\\ospanel\\modules\\wget\\bin;c:\\ospanel\\modules\\database\\MySQL-5.6\\bin;c:\\ospanel\\modules\\http\\Apache-PHP-7.2\\bin;c:\\ospanel\\modules\\http\\Apache-PHP-7.2;C:\\Windows\\system32;C:\\Windows;C:\\Windows\\system32\\Wbem;C:\\Windows\\SysWOW64'
    'SystemRoot' => 'C:\\Windows'
    'COMSPEC' => 'C:\\Windows\\system32\\cmd.exe'
    'PATHEXT' => '.COM;.EXE;.BAT;.CMD;.VBS;.VBE;.JS;.JSE;.WSF;.WSH;.MSC'
    'WINDIR' => 'C:\\Windows'
    'SERVER_SIGNATURE' => ''
    'SERVER_SOFTWARE' => 'Apache'
    'SERVER_NAME' => 'agzybir.ogullar'
    'SERVER_ADDR' => '127.0.0.1'
    'SERVER_PORT' => '80'
    'REMOTE_ADDR' => '127.0.0.1'
    'DOCUMENT_ROOT' => 'C:/OSPanel/domains/agzybir.ogullar'
    'REQUEST_SCHEME' => 'http'
    'CONTEXT_PREFIX' => ''
    'CONTEXT_DOCUMENT_ROOT' => 'C:/OSPanel/domains/agzybir.ogullar'
    'SERVER_ADMIN' => '[no address given]'
    'SCRIPT_FILENAME' => 'C:/OSPanel/domains/agzybir.ogullar/frontend/web/index.php'
    'REMOTE_PORT' => '3057'
    'REDIRECT_URL' => '/'
    'GATEWAY_INTERFACE' => 'CGI/1.1'
    'SERVER_PROTOCOL' => 'HTTP/1.1'
    'REQUEST_METHOD' => 'GET'
    'QUERY_STRING' => ''
    'REQUEST_URI' => '/'
    'SCRIPT_NAME' => '/frontend/web/index.php'
    'PHP_SELF' => '/frontend/web/index.php'
    'REQUEST_TIME_FLOAT' => 1618925697.939
    'REQUEST_TIME' => 1618925697
    'argv' => []
    'argc' => 0
]
2021-04-20 18:35:00 [127.0.0.1][-][-][warning][yii\i18n\PhpMessageSource::loadMessages] The message file for category 'yii' does not exist: C:\OSPanel\domains\agzybir.ogullar\vendor\yiisoft\yii2/messages/tk/yii.php
2021-04-20 18:35:00 [127.0.0.1][-][-][error][yii\web\HttpException:404] yii\base\InvalidRouteException: Unable to resolve the request "favicon.ico". in C:\OSPanel\domains\agzybir.ogullar\vendor\yiisoft\yii2\base\Module.php:537
Stack trace:
#0 C:\OSPanel\domains\agzybir.ogullar\vendor\yiisoft\yii2\web\Application.php(103): yii\base\Module->runAction('favicon.ico', Array)
#1 C:\OSPanel\domains\agzybir.ogullar\vendor\yiisoft\yii2\base\Application.php(386): yii\web\Application->handleRequest(Object(common\components\Request))
#2 C:\OSPanel\domains\agzybir.ogullar\frontend\web\index.php(18): yii\base\Application->run()
#3 {main}

Next yii\web\NotFoundHttpException: Page not found. in C:\OSPanel\domains\agzybir.ogullar\vendor\yiisoft\yii2\web\Application.php:115
Stack trace:
#0 C:\OSPanel\domains\agzybir.ogullar\vendor\yiisoft\yii2\base\Application.php(386): yii\web\Application->handleRequest(Object(common\components\Request))
#1 C:\OSPanel\domains\agzybir.ogullar\frontend\web\index.php(18): yii\base\Application->run()
#2 {main}
2021-04-20 18:35:00 [127.0.0.1][-][-][info][application] $_GET = []

$_POST = []

$_FILES = []

$_COOKIE = [
    '_csrf-frontend' => 'e97b1dff4e6be3b59769c02861eaf0a59dbc8125b67e64b2c26ca7b1371e5f66a:2:{i:0;s:14:\"_csrf-frontend\";i:1;s:32:\"Jd9x5rCFtYGSzuLj0WXhHiYDXg1sYqNQ\";}'
]

$_SERVER = [
    'REDIRECT_STATUS' => '200'
    'HTTP_HOST' => 'agzybir.ogullar'
    'HTTP_CONNECTION' => 'keep-alive'
    'HTTP_PRAGMA' => 'no-cache'
    'HTTP_CACHE_CONTROL' => 'no-cache'
    'HTTP_USER_AGENT' => 'Mozilla/5.0 (Windows NT 6.1; Win64; x64) AppleWebKit/537.36 (KHTML, like Gecko) Chrome/89.0.4389.128 Safari/537.36'
    'HTTP_ACCEPT' => 'image/avif,image/webp,image/apng,image/svg+xml,image/*,*/*;q=0.8'
    'HTTP_REFERER' => 'http://agzybir.ogullar/'
    'HTTP_ACCEPT_ENCODING' => 'gzip, deflate'
    'HTTP_ACCEPT_LANGUAGE' => 'ru-RU,ru;q=0.9,en-US;q=0.8,en;q=0.7'
    'HTTP_COOKIE' => '_csrf-frontend=e97b1dff4e6be3b59769c02861eaf0a59dbc8125b67e64b2c26ca7b1371e5f66a%3A2%3A%7Bi%3A0%3Bs%3A14%3A%22_csrf-frontend%22%3Bi%3A1%3Bs%3A32%3A%22Jd9x5rCFtYGSzuLj0WXhHiYDXg1sYqNQ%22%3B%7D'
    'PATH' => 'c:\\ospanel\\modules\\php\\PHP-7.2\\ext;c:\\ospanel\\modules\\php\\PHP-7.2\\pear;c:\\ospanel\\modules\\php\\PHP-7.2\\pear\\bin;c:\\ospanel\\modules\\php\\PHP-7.2;c:\\ospanel\\modules\\imagemagick;c:\\ospanel\\modules\\wget\\bin;c:\\ospanel\\modules\\database\\MySQL-5.6\\bin;c:\\ospanel\\modules\\http\\Apache-PHP-7.2\\bin;c:\\ospanel\\modules\\http\\Apache-PHP-7.2;C:\\Windows\\system32;C:\\Windows;C:\\Windows\\system32\\Wbem;C:\\Windows\\SysWOW64'
    'SystemRoot' => 'C:\\Windows'
    'COMSPEC' => 'C:\\Windows\\system32\\cmd.exe'
    'PATHEXT' => '.COM;.EXE;.BAT;.CMD;.VBS;.VBE;.JS;.JSE;.WSF;.WSH;.MSC'
    'WINDIR' => 'C:\\Windows'
    'SERVER_SIGNATURE' => ''
    'SERVER_SOFTWARE' => 'Apache'
    'SERVER_NAME' => 'agzybir.ogullar'
    'SERVER_ADDR' => '127.0.0.1'
    'SERVER_PORT' => '80'
    'REMOTE_ADDR' => '127.0.0.1'
    'DOCUMENT_ROOT' => 'C:/OSPanel/domains/agzybir.ogullar'
    'REQUEST_SCHEME' => 'http'
    'CONTEXT_PREFIX' => ''
    'CONTEXT_DOCUMENT_ROOT' => 'C:/OSPanel/domains/agzybir.ogullar'
    'SERVER_ADMIN' => '[no address given]'
    'SCRIPT_FILENAME' => 'C:/OSPanel/domains/agzybir.ogullar/frontend/web/index.php'
    'REMOTE_PORT' => '3057'
    'REDIRECT_URL' => '/favicon.ico'
    'GATEWAY_INTERFACE' => 'CGI/1.1'
    'SERVER_PROTOCOL' => 'HTTP/1.1'
    'REQUEST_METHOD' => 'GET'
    'QUERY_STRING' => ''
    'REQUEST_URI' => '/favicon.ico'
    'SCRIPT_NAME' => '/frontend/web/index.php'
    'PHP_SELF' => '/frontend/web/index.php'
    'REQUEST_TIME_FLOAT' => 1618925700.119
    'REQUEST_TIME' => 1618925700
    'argv' => []
    'argc' => 0
]
2021-04-20 18:38:08 [127.0.0.1][-][-][warning][yii\i18n\PhpMessageSource::loadMessages] The message file for category 'yii' does not exist: C:\OSPanel\domains\agzybir.ogullar\vendor\yiisoft\yii2/messages/tk/yii.php
    in C:\OSPanel\domains\agzybir.ogullar\vendor\omgdef\yii2-multilingual-behavior\src\MultilingualBehavior.php:178
    in C:\OSPanel\domains\agzybir.ogullar\frontend\views\site\index.php:26
    in C:\OSPanel\domains\agzybir.ogullar\frontend\controllers\SiteController.php:156
2021-04-20 18:38:07 [127.0.0.1][-][-][info][application] $_GET = []

$_POST = []

$_FILES = []

$_COOKIE = [
    '_csrf-frontend' => 'e97b1dff4e6be3b59769c02861eaf0a59dbc8125b67e64b2c26ca7b1371e5f66a:2:{i:0;s:14:\"_csrf-frontend\";i:1;s:32:\"Jd9x5rCFtYGSzuLj0WXhHiYDXg1sYqNQ\";}'
    'PHPSESSID' => 'bghj5pm0uou7020jnkcoeemc9dnt2boc'
    '_csrf-backend' => 'b40ae0394504c1d79f72b0391c6330249153ca5aafdd17f05f91925858358abca:2:{i:0;s:13:\"_csrf-backend\";i:1;s:32:\"Sx9fOVgomTYxbmWHc4PiPU_-oVqu80NO\";}'
]

$_SERVER = [
    'REDIRECT_STATUS' => '200'
    'HTTP_HOST' => 'agzybir.ogullar'
    'HTTP_CONNECTION' => 'keep-alive'
    'HTTP_UPGRADE_INSECURE_REQUESTS' => '1'
    'HTTP_USER_AGENT' => 'Mozilla/5.0 (Windows NT 6.1; Win64; x64) AppleWebKit/537.36 (KHTML, like Gecko) Chrome/89.0.4389.128 Safari/537.36'
    'HTTP_ACCEPT' => 'text/html,application/xhtml+xml,application/xml;q=0.9,image/avif,image/webp,image/apng,*/*;q=0.8,application/signed-exchange;v=b3;q=0.9'
    'HTTP_ACCEPT_ENCODING' => 'gzip, deflate'
    'HTTP_ACCEPT_LANGUAGE' => 'ru-RU,ru;q=0.9,en-US;q=0.8,en;q=0.7'
    'HTTP_COOKIE' => '_csrf-frontend=e97b1dff4e6be3b59769c02861eaf0a59dbc8125b67e64b2c26ca7b1371e5f66a%3A2%3A%7Bi%3A0%3Bs%3A14%3A%22_csrf-frontend%22%3Bi%3A1%3Bs%3A32%3A%22Jd9x5rCFtYGSzuLj0WXhHiYDXg1sYqNQ%22%3B%7D; PHPSESSID=bghj5pm0uou7020jnkcoeemc9dnt2boc; _csrf-backend=b40ae0394504c1d79f72b0391c6330249153ca5aafdd17f05f91925858358abca%3A2%3A%7Bi%3A0%3Bs%3A13%3A%22_csrf-backend%22%3Bi%3A1%3Bs%3A32%3A%22Sx9fOVgomTYxbmWHc4PiPU_-oVqu80NO%22%3B%7D'
    'PATH' => 'c:\\ospanel\\modules\\php\\PHP-7.2\\ext;c:\\ospanel\\modules\\php\\PHP-7.2\\pear;c:\\ospanel\\modules\\php\\PHP-7.2\\pear\\bin;c:\\ospanel\\modules\\php\\PHP-7.2;c:\\ospanel\\modules\\imagemagick;c:\\ospanel\\modules\\wget\\bin;c:\\ospanel\\modules\\database\\MySQL-5.6\\bin;c:\\ospanel\\modules\\http\\Apache-PHP-7.2\\bin;c:\\ospanel\\modules\\http\\Apache-PHP-7.2;C:\\Windows\\system32;C:\\Windows;C:\\Windows\\system32\\Wbem;C:\\Windows\\SysWOW64'
    'SystemRoot' => 'C:\\Windows'
    'COMSPEC' => 'C:\\Windows\\system32\\cmd.exe'
    'PATHEXT' => '.COM;.EXE;.BAT;.CMD;.VBS;.VBE;.JS;.JSE;.WSF;.WSH;.MSC'
    'WINDIR' => 'C:\\Windows'
    'SERVER_SIGNATURE' => ''
    'SERVER_SOFTWARE' => 'Apache'
    'SERVER_NAME' => 'agzybir.ogullar'
    'SERVER_ADDR' => '127.0.0.1'
    'SERVER_PORT' => '80'
    'REMOTE_ADDR' => '127.0.0.1'
    'DOCUMENT_ROOT' => 'C:/OSPanel/domains/agzybir.ogullar'
    'REQUEST_SCHEME' => 'http'
    'CONTEXT_PREFIX' => ''
    'CONTEXT_DOCUMENT_ROOT' => 'C:/OSPanel/domains/agzybir.ogullar'
    'SERVER_ADMIN' => '[no address given]'
    'SCRIPT_FILENAME' => 'C:/OSPanel/domains/agzybir.ogullar/frontend/web/index.php'
    'REMOTE_PORT' => '3220'
    'REDIRECT_URL' => '/'
    'GATEWAY_INTERFACE' => 'CGI/1.1'
    'SERVER_PROTOCOL' => 'HTTP/1.1'
    'REQUEST_METHOD' => 'GET'
    'QUERY_STRING' => ''
    'REQUEST_URI' => '/'
    'SCRIPT_NAME' => '/frontend/web/index.php'
    'PHP_SELF' => '/frontend/web/index.php'
    'REQUEST_TIME_FLOAT' => 1618925887.331
    'REQUEST_TIME' => 1618925887
    'argv' => []
    'argc' => 0
]
2021-04-20 18:38:48 [127.0.0.1][-][-][warning][yii\i18n\PhpMessageSource::loadMessages] The message file for category 'yii' does not exist: C:\OSPanel\domains\agzybir.ogullar\vendor\yiisoft\yii2/messages/tk/yii.php
    in C:\OSPanel\domains\agzybir.ogullar\vendor\omgdef\yii2-multilingual-behavior\src\MultilingualBehavior.php:178
    in C:\OSPanel\domains\agzybir.ogullar\frontend\views\site\index.php:26
    in C:\OSPanel\domains\agzybir.ogullar\frontend\controllers\SiteController.php:156
2021-04-20 18:38:48 [127.0.0.1][-][-][info][application] $_GET = []

$_POST = []

$_FILES = []

$_COOKIE = [
    '_csrf-frontend' => 'e97b1dff4e6be3b59769c02861eaf0a59dbc8125b67e64b2c26ca7b1371e5f66a:2:{i:0;s:14:\"_csrf-frontend\";i:1;s:32:\"Jd9x5rCFtYGSzuLj0WXhHiYDXg1sYqNQ\";}'
    'PHPSESSID' => 'bghj5pm0uou7020jnkcoeemc9dnt2boc'
    '_csrf-backend' => 'b40ae0394504c1d79f72b0391c6330249153ca5aafdd17f05f91925858358abca:2:{i:0;s:13:\"_csrf-backend\";i:1;s:32:\"Sx9fOVgomTYxbmWHc4PiPU_-oVqu80NO\";}'
]

$_SERVER = [
    'REDIRECT_STATUS' => '200'
    'HTTP_HOST' => 'agzybir.ogullar'
    'HTTP_CONNECTION' => 'keep-alive'
    'HTTP_PRAGMA' => 'no-cache'
    'HTTP_CACHE_CONTROL' => 'no-cache'
    'HTTP_UPGRADE_INSECURE_REQUESTS' => '1'
    'HTTP_USER_AGENT' => 'Mozilla/5.0 (Windows NT 6.1; Win64; x64) AppleWebKit/537.36 (KHTML, like Gecko) Chrome/89.0.4389.128 Safari/537.36'
    'HTTP_ACCEPT' => 'text/html,application/xhtml+xml,application/xml;q=0.9,image/avif,image/webp,image/apng,*/*;q=0.8,application/signed-exchange;v=b3;q=0.9'
    'HTTP_ACCEPT_ENCODING' => 'gzip, deflate'
    'HTTP_ACCEPT_LANGUAGE' => 'ru-RU,ru;q=0.9,en-US;q=0.8,en;q=0.7'
    'HTTP_COOKIE' => '_csrf-frontend=e97b1dff4e6be3b59769c02861eaf0a59dbc8125b67e64b2c26ca7b1371e5f66a%3A2%3A%7Bi%3A0%3Bs%3A14%3A%22_csrf-frontend%22%3Bi%3A1%3Bs%3A32%3A%22Jd9x5rCFtYGSzuLj0WXhHiYDXg1sYqNQ%22%3B%7D; PHPSESSID=bghj5pm0uou7020jnkcoeemc9dnt2boc; _csrf-backend=b40ae0394504c1d79f72b0391c6330249153ca5aafdd17f05f91925858358abca%3A2%3A%7Bi%3A0%3Bs%3A13%3A%22_csrf-backend%22%3Bi%3A1%3Bs%3A32%3A%22Sx9fOVgomTYxbmWHc4PiPU_-oVqu80NO%22%3B%7D'
    'PATH' => 'c:\\ospanel\\modules\\php\\PHP-7.2\\ext;c:\\ospanel\\modules\\php\\PHP-7.2\\pear;c:\\ospanel\\modules\\php\\PHP-7.2\\pear\\bin;c:\\ospanel\\modules\\php\\PHP-7.2;c:\\ospanel\\modules\\imagemagick;c:\\ospanel\\modules\\wget\\bin;c:\\ospanel\\modules\\database\\MySQL-5.6\\bin;c:\\ospanel\\modules\\http\\Apache-PHP-7.2\\bin;c:\\ospanel\\modules\\http\\Apache-PHP-7.2;C:\\Windows\\system32;C:\\Windows;C:\\Windows\\system32\\Wbem;C:\\Windows\\SysWOW64'
    'SystemRoot' => 'C:\\Windows'
    'COMSPEC' => 'C:\\Windows\\system32\\cmd.exe'
    'PATHEXT' => '.COM;.EXE;.BAT;.CMD;.VBS;.VBE;.JS;.JSE;.WSF;.WSH;.MSC'
    'WINDIR' => 'C:\\Windows'
    'SERVER_SIGNATURE' => ''
    'SERVER_SOFTWARE' => 'Apache'
    'SERVER_NAME' => 'agzybir.ogullar'
    'SERVER_ADDR' => '127.0.0.1'
    'SERVER_PORT' => '80'
    'REMOTE_ADDR' => '127.0.0.1'
    'DOCUMENT_ROOT' => 'C:/OSPanel/domains/agzybir.ogullar'
    'REQUEST_SCHEME' => 'http'
    'CONTEXT_PREFIX' => ''
    'CONTEXT_DOCUMENT_ROOT' => 'C:/OSPanel/domains/agzybir.ogullar'
    'SERVER_ADMIN' => '[no address given]'
    'SCRIPT_FILENAME' => 'C:/OSPanel/domains/agzybir.ogullar/frontend/web/index.php'
    'REMOTE_PORT' => '3295'
    'REDIRECT_URL' => '/'
    'GATEWAY_INTERFACE' => 'CGI/1.1'
    'SERVER_PROTOCOL' => 'HTTP/1.1'
    'REQUEST_METHOD' => 'GET'
    'QUERY_STRING' => ''
    'REQUEST_URI' => '/'
    'SCRIPT_NAME' => '/frontend/web/index.php'
    'PHP_SELF' => '/frontend/web/index.php'
    'REQUEST_TIME_FLOAT' => 1618925928.135
    'REQUEST_TIME' => 1618925928
    'argv' => []
    'argc' => 0
]
2021-04-20 18:39:16 [127.0.0.1][-][-][warning][yii\i18n\PhpMessageSource::loadMessages] The message file for category 'yii' does not exist: C:\OSPanel\domains\agzybir.ogullar\vendor\yiisoft\yii2/messages/tk/yii.php
2021-04-20 18:39:16 [127.0.0.1][-][-][error][yii\web\HttpException:404] yii\base\InvalidRouteException: Unable to resolve the request "favicon.ico". in C:\OSPanel\domains\agzybir.ogullar\vendor\yiisoft\yii2\base\Module.php:537
Stack trace:
#0 C:\OSPanel\domains\agzybir.ogullar\vendor\yiisoft\yii2\web\Application.php(103): yii\base\Module->runAction('favicon.ico', Array)
#1 C:\OSPanel\domains\agzybir.ogullar\vendor\yiisoft\yii2\base\Application.php(386): yii\web\Application->handleRequest(Object(common\components\Request))
#2 C:\OSPanel\domains\agzybir.ogullar\frontend\web\index.php(18): yii\base\Application->run()
#3 {main}

Next yii\web\NotFoundHttpException: Page not found. in C:\OSPanel\domains\agzybir.ogullar\vendor\yiisoft\yii2\web\Application.php:115
Stack trace:
#0 C:\OSPanel\domains\agzybir.ogullar\vendor\yiisoft\yii2\base\Application.php(386): yii\web\Application->handleRequest(Object(common\components\Request))
#1 C:\OSPanel\domains\agzybir.ogullar\frontend\web\index.php(18): yii\base\Application->run()
#2 {main}
2021-04-20 18:39:16 [127.0.0.1][-][-][info][application] $_GET = []

$_POST = []

$_FILES = []

$_COOKIE = [
    '_csrf-frontend' => 'e97b1dff4e6be3b59769c02861eaf0a59dbc8125b67e64b2c26ca7b1371e5f66a:2:{i:0;s:14:\"_csrf-frontend\";i:1;s:32:\"Jd9x5rCFtYGSzuLj0WXhHiYDXg1sYqNQ\";}'
    'PHPSESSID' => 'bghj5pm0uou7020jnkcoeemc9dnt2boc'
    '_csrf-backend' => 'b40ae0394504c1d79f72b0391c6330249153ca5aafdd17f05f91925858358abca:2:{i:0;s:13:\"_csrf-backend\";i:1;s:32:\"Sx9fOVgomTYxbmWHc4PiPU_-oVqu80NO\";}'
]

$_SERVER = [
    'REDIRECT_STATUS' => '200'
    'HTTP_HOST' => 'agzybir.ogullar'
    'HTTP_CONNECTION' => 'keep-alive'
    'HTTP_USER_AGENT' => 'Mozilla/5.0 (Windows NT 6.1; Win64; x64) AppleWebKit/537.36 (KHTML, like Gecko) Chrome/89.0.4389.128 Safari/537.36'
    'HTTP_ACCEPT' => 'image/avif,image/webp,image/apng,image/svg+xml,image/*,*/*;q=0.8'
    'HTTP_REFERER' => 'http://agzybir.ogullar/backend/image/update/3'
    'HTTP_ACCEPT_ENCODING' => 'gzip, deflate'
    'HTTP_ACCEPT_LANGUAGE' => 'ru-RU,ru;q=0.9,en-US;q=0.8,en;q=0.7'
    'HTTP_COOKIE' => '_csrf-frontend=e97b1dff4e6be3b59769c02861eaf0a59dbc8125b67e64b2c26ca7b1371e5f66a%3A2%3A%7Bi%3A0%3Bs%3A14%3A%22_csrf-frontend%22%3Bi%3A1%3Bs%3A32%3A%22Jd9x5rCFtYGSzuLj0WXhHiYDXg1sYqNQ%22%3B%7D; PHPSESSID=bghj5pm0uou7020jnkcoeemc9dnt2boc; _csrf-backend=b40ae0394504c1d79f72b0391c6330249153ca5aafdd17f05f91925858358abca%3A2%3A%7Bi%3A0%3Bs%3A13%3A%22_csrf-backend%22%3Bi%3A1%3Bs%3A32%3A%22Sx9fOVgomTYxbmWHc4PiPU_-oVqu80NO%22%3B%7D'
    'PATH' => 'c:\\ospanel\\modules\\php\\PHP-7.2\\ext;c:\\ospanel\\modules\\php\\PHP-7.2\\pear;c:\\ospanel\\modules\\php\\PHP-7.2\\pear\\bin;c:\\ospanel\\modules\\php\\PHP-7.2;c:\\ospanel\\modules\\imagemagick;c:\\ospanel\\modules\\wget\\bin;c:\\ospanel\\modules\\database\\MySQL-5.6\\bin;c:\\ospanel\\modules\\http\\Apache-PHP-7.2\\bin;c:\\ospanel\\modules\\http\\Apache-PHP-7.2;C:\\Windows\\system32;C:\\Windows;C:\\Windows\\system32\\Wbem;C:\\Windows\\SysWOW64'
    'SystemRoot' => 'C:\\Windows'
    'COMSPEC' => 'C:\\Windows\\system32\\cmd.exe'
    'PATHEXT' => '.COM;.EXE;.BAT;.CMD;.VBS;.VBE;.JS;.JSE;.WSF;.WSH;.MSC'
    'WINDIR' => 'C:\\Windows'
    'SERVER_SIGNATURE' => ''
    'SERVER_SOFTWARE' => 'Apache'
    'SERVER_NAME' => 'agzybir.ogullar'
    'SERVER_ADDR' => '127.0.0.1'
    'SERVER_PORT' => '80'
    'REMOTE_ADDR' => '127.0.0.1'
    'DOCUMENT_ROOT' => 'C:/OSPanel/domains/agzybir.ogullar'
    'REQUEST_SCHEME' => 'http'
    'CONTEXT_PREFIX' => ''
    'CONTEXT_DOCUMENT_ROOT' => 'C:/OSPanel/domains/agzybir.ogullar'
    'SERVER_ADMIN' => '[no address given]'
    'SCRIPT_FILENAME' => 'C:/OSPanel/domains/agzybir.ogullar/frontend/web/index.php'
    'REMOTE_PORT' => '3323'
    'REDIRECT_URL' => '/favicon.ico'
    'GATEWAY_INTERFACE' => 'CGI/1.1'
    'SERVER_PROTOCOL' => 'HTTP/1.1'
    'REQUEST_METHOD' => 'GET'
    'QUERY_STRING' => ''
    'REQUEST_URI' => '/favicon.ico'
    'SCRIPT_NAME' => '/frontend/web/index.php'
    'PHP_SELF' => '/frontend/web/index.php'
    'REQUEST_TIME_FLOAT' => 1618925956.019
    'REQUEST_TIME' => 1618925956
    'argv' => []
    'argc' => 0
]
2021-04-20 18:40:24 [127.0.0.1][-][-][warning][yii\i18n\PhpMessageSource::loadMessages] The message file for category 'yii' does not exist: C:\OSPanel\domains\agzybir.ogullar\vendor\yiisoft\yii2/messages/tk/yii.php
    in C:\OSPanel\domains\agzybir.ogullar\vendor\omgdef\yii2-multilingual-behavior\src\MultilingualBehavior.php:178
    in C:\OSPanel\domains\agzybir.ogullar\frontend\views\site\index.php:26
    in C:\OSPanel\domains\agzybir.ogullar\frontend\controllers\SiteController.php:156
2021-04-20 18:40:23 [127.0.0.1][-][-][info][application] $_GET = []

$_POST = []

$_FILES = []

$_COOKIE = [
    '_csrf-frontend' => 'e97b1dff4e6be3b59769c02861eaf0a59dbc8125b67e64b2c26ca7b1371e5f66a:2:{i:0;s:14:\"_csrf-frontend\";i:1;s:32:\"Jd9x5rCFtYGSzuLj0WXhHiYDXg1sYqNQ\";}'
    'PHPSESSID' => 'bghj5pm0uou7020jnkcoeemc9dnt2boc'
    '_csrf-backend' => 'b40ae0394504c1d79f72b0391c6330249153ca5aafdd17f05f91925858358abca:2:{i:0;s:13:\"_csrf-backend\";i:1;s:32:\"Sx9fOVgomTYxbmWHc4PiPU_-oVqu80NO\";}'
]

$_SERVER = [
    'REDIRECT_STATUS' => '200'
    'HTTP_HOST' => 'agzybir.ogullar'
    'HTTP_CONNECTION' => 'keep-alive'
    'HTTP_PRAGMA' => 'no-cache'
    'HTTP_CACHE_CONTROL' => 'no-cache'
    'HTTP_UPGRADE_INSECURE_REQUESTS' => '1'
    'HTTP_USER_AGENT' => 'Mozilla/5.0 (Windows NT 6.1; Win64; x64) AppleWebKit/537.36 (KHTML, like Gecko) Chrome/89.0.4389.128 Safari/537.36'
    'HTTP_ACCEPT' => 'text/html,application/xhtml+xml,application/xml;q=0.9,image/avif,image/webp,image/apng,*/*;q=0.8,application/signed-exchange;v=b3;q=0.9'
    'HTTP_ACCEPT_ENCODING' => 'gzip, deflate'
    'HTTP_ACCEPT_LANGUAGE' => 'ru-RU,ru;q=0.9,en-US;q=0.8,en;q=0.7'
    'HTTP_COOKIE' => '_csrf-frontend=e97b1dff4e6be3b59769c02861eaf0a59dbc8125b67e64b2c26ca7b1371e5f66a%3A2%3A%7Bi%3A0%3Bs%3A14%3A%22_csrf-frontend%22%3Bi%3A1%3Bs%3A32%3A%22Jd9x5rCFtYGSzuLj0WXhHiYDXg1sYqNQ%22%3B%7D; PHPSESSID=bghj5pm0uou7020jnkcoeemc9dnt2boc; _csrf-backend=b40ae0394504c1d79f72b0391c6330249153ca5aafdd17f05f91925858358abca%3A2%3A%7Bi%3A0%3Bs%3A13%3A%22_csrf-backend%22%3Bi%3A1%3Bs%3A32%3A%22Sx9fOVgomTYxbmWHc4PiPU_-oVqu80NO%22%3B%7D'
    'PATH' => 'c:\\ospanel\\modules\\php\\PHP-7.2\\ext;c:\\ospanel\\modules\\php\\PHP-7.2\\pear;c:\\ospanel\\modules\\php\\PHP-7.2\\pear\\bin;c:\\ospanel\\modules\\php\\PHP-7.2;c:\\ospanel\\modules\\imagemagick;c:\\ospanel\\modules\\wget\\bin;c:\\ospanel\\modules\\database\\MySQL-5.6\\bin;c:\\ospanel\\modules\\http\\Apache-PHP-7.2\\bin;c:\\ospanel\\modules\\http\\Apache-PHP-7.2;C:\\Windows\\system32;C:\\Windows;C:\\Windows\\system32\\Wbem;C:\\Windows\\SysWOW64'
    'SystemRoot' => 'C:\\Windows'
    'COMSPEC' => 'C:\\Windows\\system32\\cmd.exe'
    'PATHEXT' => '.COM;.EXE;.BAT;.CMD;.VBS;.VBE;.JS;.JSE;.WSF;.WSH;.MSC'
    'WINDIR' => 'C:\\Windows'
    'SERVER_SIGNATURE' => ''
    'SERVER_SOFTWARE' => 'Apache'
    'SERVER_NAME' => 'agzybir.ogullar'
    'SERVER_ADDR' => '127.0.0.1'
    'SERVER_PORT' => '80'
    'REMOTE_ADDR' => '127.0.0.1'
    'DOCUMENT_ROOT' => 'C:/OSPanel/domains/agzybir.ogullar'
    'REQUEST_SCHEME' => 'http'
    'CONTEXT_PREFIX' => ''
    'CONTEXT_DOCUMENT_ROOT' => 'C:/OSPanel/domains/agzybir.ogullar'
    'SERVER_ADMIN' => '[no address given]'
    'SCRIPT_FILENAME' => 'C:/OSPanel/domains/agzybir.ogullar/frontend/web/index.php'
    'REMOTE_PORT' => '3389'
    'REDIRECT_URL' => '/'
    'GATEWAY_INTERFACE' => 'CGI/1.1'
    'SERVER_PROTOCOL' => 'HTTP/1.1'
    'REQUEST_METHOD' => 'GET'
    'QUERY_STRING' => ''
    'REQUEST_URI' => '/'
    'SCRIPT_NAME' => '/frontend/web/index.php'
    'PHP_SELF' => '/frontend/web/index.php'
    'REQUEST_TIME_FLOAT' => 1618926023.896
    'REQUEST_TIME' => 1618926023
    'argv' => []
    'argc' => 0
]
2021-04-20 18:41:13 [127.0.0.1][-][-][warning][yii\i18n\PhpMessageSource::loadMessages] The message file for category 'yii' does not exist: C:\OSPanel\domains\agzybir.ogullar\vendor\yiisoft\yii2/messages/tk/yii.php
    in C:\OSPanel\domains\agzybir.ogullar\vendor\omgdef\yii2-multilingual-behavior\src\MultilingualBehavior.php:178
    in C:\OSPanel\domains\agzybir.ogullar\frontend\views\site\index.php:26
    in C:\OSPanel\domains\agzybir.ogullar\frontend\controllers\SiteController.php:156
2021-04-20 18:41:13 [127.0.0.1][-][-][info][application] $_GET = []

$_POST = []

$_FILES = []

$_COOKIE = [
    '_csrf-frontend' => 'e97b1dff4e6be3b59769c02861eaf0a59dbc8125b67e64b2c26ca7b1371e5f66a:2:{i:0;s:14:\"_csrf-frontend\";i:1;s:32:\"Jd9x5rCFtYGSzuLj0WXhHiYDXg1sYqNQ\";}'
    'PHPSESSID' => 'bghj5pm0uou7020jnkcoeemc9dnt2boc'
    '_csrf-backend' => 'b40ae0394504c1d79f72b0391c6330249153ca5aafdd17f05f91925858358abca:2:{i:0;s:13:\"_csrf-backend\";i:1;s:32:\"Sx9fOVgomTYxbmWHc4PiPU_-oVqu80NO\";}'
]

$_SERVER = [
    'REDIRECT_STATUS' => '200'
    'HTTP_HOST' => 'agzybir.ogullar'
    'HTTP_CONNECTION' => 'keep-alive'
    'HTTP_PRAGMA' => 'no-cache'
    'HTTP_CACHE_CONTROL' => 'no-cache'
    'HTTP_UPGRADE_INSECURE_REQUESTS' => '1'
    'HTTP_USER_AGENT' => 'Mozilla/5.0 (Windows NT 6.1; Win64; x64) AppleWebKit/537.36 (KHTML, like Gecko) Chrome/89.0.4389.128 Safari/537.36'
    'HTTP_ACCEPT' => 'text/html,application/xhtml+xml,application/xml;q=0.9,image/avif,image/webp,image/apng,*/*;q=0.8,application/signed-exchange;v=b3;q=0.9'
    'HTTP_ACCEPT_ENCODING' => 'gzip, deflate'
    'HTTP_ACCEPT_LANGUAGE' => 'ru-RU,ru;q=0.9,en-US;q=0.8,en;q=0.7'
    'HTTP_COOKIE' => '_csrf-frontend=e97b1dff4e6be3b59769c02861eaf0a59dbc8125b67e64b2c26ca7b1371e5f66a%3A2%3A%7Bi%3A0%3Bs%3A14%3A%22_csrf-frontend%22%3Bi%3A1%3Bs%3A32%3A%22Jd9x5rCFtYGSzuLj0WXhHiYDXg1sYqNQ%22%3B%7D; PHPSESSID=bghj5pm0uou7020jnkcoeemc9dnt2boc; _csrf-backend=b40ae0394504c1d79f72b0391c6330249153ca5aafdd17f05f91925858358abca%3A2%3A%7Bi%3A0%3Bs%3A13%3A%22_csrf-backend%22%3Bi%3A1%3Bs%3A32%3A%22Sx9fOVgomTYxbmWHc4PiPU_-oVqu80NO%22%3B%7D'
    'PATH' => 'c:\\ospanel\\modules\\php\\PHP-7.2\\ext;c:\\ospanel\\modules\\php\\PHP-7.2\\pear;c:\\ospanel\\modules\\php\\PHP-7.2\\pear\\bin;c:\\ospanel\\modules\\php\\PHP-7.2;c:\\ospanel\\modules\\imagemagick;c:\\ospanel\\modules\\wget\\bin;c:\\ospanel\\modules\\database\\MySQL-5.6\\bin;c:\\ospanel\\modules\\http\\Apache-PHP-7.2\\bin;c:\\ospanel\\modules\\http\\Apache-PHP-7.2;C:\\Windows\\system32;C:\\Windows;C:\\Windows\\system32\\Wbem;C:\\Windows\\SysWOW64'
    'SystemRoot' => 'C:\\Windows'
    'COMSPEC' => 'C:\\Windows\\system32\\cmd.exe'
    'PATHEXT' => '.COM;.EXE;.BAT;.CMD;.VBS;.VBE;.JS;.JSE;.WSF;.WSH;.MSC'
    'WINDIR' => 'C:\\Windows'
    'SERVER_SIGNATURE' => ''
    'SERVER_SOFTWARE' => 'Apache'
    'SERVER_NAME' => 'agzybir.ogullar'
    'SERVER_ADDR' => '127.0.0.1'
    'SERVER_PORT' => '80'
    'REMOTE_ADDR' => '127.0.0.1'
    'DOCUMENT_ROOT' => 'C:/OSPanel/domains/agzybir.ogullar'
    'REQUEST_SCHEME' => 'http'
    'CONTEXT_PREFIX' => ''
    'CONTEXT_DOCUMENT_ROOT' => 'C:/OSPanel/domains/agzybir.ogullar'
    'SERVER_ADMIN' => '[no address given]'
    'SCRIPT_FILENAME' => 'C:/OSPanel/domains/agzybir.ogullar/frontend/web/index.php'
    'REMOTE_PORT' => '3435'
    'REDIRECT_URL' => '/'
    'GATEWAY_INTERFACE' => 'CGI/1.1'
    'SERVER_PROTOCOL' => 'HTTP/1.1'
    'REQUEST_METHOD' => 'GET'
    'QUERY_STRING' => ''
    'REQUEST_URI' => '/'
    'SCRIPT_NAME' => '/frontend/web/index.php'
    'PHP_SELF' => '/frontend/web/index.php'
    'REQUEST_TIME_FLOAT' => 1618926073.429
    'REQUEST_TIME' => 1618926073
    'argv' => []
    'argc' => 0
]
2021-04-20 18:43:13 [127.0.0.1][-][-][warning][yii\i18n\PhpMessageSource::loadMessages] The message file for category 'yii' does not exist: C:\OSPanel\domains\agzybir.ogullar\vendor\yiisoft\yii2/messages/tk/yii.php
    in C:\OSPanel\domains\agzybir.ogullar\vendor\omgdef\yii2-multilingual-behavior\src\MultilingualBehavior.php:178
    in C:\OSPanel\domains\agzybir.ogullar\frontend\views\site\index.php:26
    in C:\OSPanel\domains\agzybir.ogullar\frontend\controllers\SiteController.php:156
2021-04-20 18:43:12 [127.0.0.1][-][-][info][application] $_GET = []

$_POST = []

$_FILES = []

$_COOKIE = [
    '_csrf-frontend' => 'e97b1dff4e6be3b59769c02861eaf0a59dbc8125b67e64b2c26ca7b1371e5f66a:2:{i:0;s:14:\"_csrf-frontend\";i:1;s:32:\"Jd9x5rCFtYGSzuLj0WXhHiYDXg1sYqNQ\";}'
    'PHPSESSID' => 'bghj5pm0uou7020jnkcoeemc9dnt2boc'
    '_csrf-backend' => 'b40ae0394504c1d79f72b0391c6330249153ca5aafdd17f05f91925858358abca:2:{i:0;s:13:\"_csrf-backend\";i:1;s:32:\"Sx9fOVgomTYxbmWHc4PiPU_-oVqu80NO\";}'
]

$_SERVER = [
    'REDIRECT_STATUS' => '200'
    'HTTP_HOST' => 'agzybir.ogullar'
    'HTTP_CONNECTION' => 'keep-alive'
    'HTTP_PRAGMA' => 'no-cache'
    'HTTP_CACHE_CONTROL' => 'no-cache'
    'HTTP_UPGRADE_INSECURE_REQUESTS' => '1'
    'HTTP_USER_AGENT' => 'Mozilla/5.0 (Windows NT 6.1; Win64; x64) AppleWebKit/537.36 (KHTML, like Gecko) Chrome/89.0.4389.128 Safari/537.36'
    'HTTP_ACCEPT' => 'text/html,application/xhtml+xml,application/xml;q=0.9,image/avif,image/webp,image/apng,*/*;q=0.8,application/signed-exchange;v=b3;q=0.9'
    'HTTP_ACCEPT_ENCODING' => 'gzip, deflate'
    'HTTP_ACCEPT_LANGUAGE' => 'ru-RU,ru;q=0.9,en-US;q=0.8,en;q=0.7'
    'HTTP_COOKIE' => '_csrf-frontend=e97b1dff4e6be3b59769c02861eaf0a59dbc8125b67e64b2c26ca7b1371e5f66a%3A2%3A%7Bi%3A0%3Bs%3A14%3A%22_csrf-frontend%22%3Bi%3A1%3Bs%3A32%3A%22Jd9x5rCFtYGSzuLj0WXhHiYDXg1sYqNQ%22%3B%7D; PHPSESSID=bghj5pm0uou7020jnkcoeemc9dnt2boc; _csrf-backend=b40ae0394504c1d79f72b0391c6330249153ca5aafdd17f05f91925858358abca%3A2%3A%7Bi%3A0%3Bs%3A13%3A%22_csrf-backend%22%3Bi%3A1%3Bs%3A32%3A%22Sx9fOVgomTYxbmWHc4PiPU_-oVqu80NO%22%3B%7D'
    'PATH' => 'c:\\ospanel\\modules\\php\\PHP-7.2\\ext;c:\\ospanel\\modules\\php\\PHP-7.2\\pear;c:\\ospanel\\modules\\php\\PHP-7.2\\pear\\bin;c:\\ospanel\\modules\\php\\PHP-7.2;c:\\ospanel\\modules\\imagemagick;c:\\ospanel\\modules\\wget\\bin;c:\\ospanel\\modules\\database\\MySQL-5.6\\bin;c:\\ospanel\\modules\\http\\Apache-PHP-7.2\\bin;c:\\ospanel\\modules\\http\\Apache-PHP-7.2;C:\\Windows\\system32;C:\\Windows;C:\\Windows\\system32\\Wbem;C:\\Windows\\SysWOW64'
    'SystemRoot' => 'C:\\Windows'
    'COMSPEC' => 'C:\\Windows\\system32\\cmd.exe'
    'PATHEXT' => '.COM;.EXE;.BAT;.CMD;.VBS;.VBE;.JS;.JSE;.WSF;.WSH;.MSC'
    'WINDIR' => 'C:\\Windows'
    'SERVER_SIGNATURE' => ''
    'SERVER_SOFTWARE' => 'Apache'
    'SERVER_NAME' => 'agzybir.ogullar'
    'SERVER_ADDR' => '127.0.0.1'
    'SERVER_PORT' => '80'
    'REMOTE_ADDR' => '127.0.0.1'
    'DOCUMENT_ROOT' => 'C:/OSPanel/domains/agzybir.ogullar'
    'REQUEST_SCHEME' => 'http'
    'CONTEXT_PREFIX' => ''
    'CONTEXT_DOCUMENT_ROOT' => 'C:/OSPanel/domains/agzybir.ogullar'
    'SERVER_ADMIN' => '[no address given]'
    'SCRIPT_FILENAME' => 'C:/OSPanel/domains/agzybir.ogullar/frontend/web/index.php'
    'REMOTE_PORT' => '3536'
    'REDIRECT_URL' => '/'
    'GATEWAY_INTERFACE' => 'CGI/1.1'
    'SERVER_PROTOCOL' => 'HTTP/1.1'
    'REQUEST_METHOD' => 'GET'
    'QUERY_STRING' => ''
    'REQUEST_URI' => '/'
    'SCRIPT_NAME' => '/frontend/web/index.php'
    'PHP_SELF' => '/frontend/web/index.php'
    'REQUEST_TIME_FLOAT' => 1618926192.871
    'REQUEST_TIME' => 1618926192
    'argv' => []
    'argc' => 0
]
2021-04-20 18:43:54 [127.0.0.1][-][-][warning][yii\i18n\PhpMessageSource::loadMessages] The message file for category 'yii' does not exist: C:\OSPanel\domains\agzybir.ogullar\vendor\yiisoft\yii2/messages/tk/yii.php
    in C:\OSPanel\domains\agzybir.ogullar\vendor\omgdef\yii2-multilingual-behavior\src\MultilingualBehavior.php:178
    in C:\OSPanel\domains\agzybir.ogullar\frontend\views\site\index.php:26
    in C:\OSPanel\domains\agzybir.ogullar\frontend\controllers\SiteController.php:156
2021-04-20 18:43:53 [127.0.0.1][-][-][info][application] $_GET = []

$_POST = []

$_FILES = []

$_COOKIE = [
    '_csrf-frontend' => 'e97b1dff4e6be3b59769c02861eaf0a59dbc8125b67e64b2c26ca7b1371e5f66a:2:{i:0;s:14:\"_csrf-frontend\";i:1;s:32:\"Jd9x5rCFtYGSzuLj0WXhHiYDXg1sYqNQ\";}'
    'PHPSESSID' => 'bghj5pm0uou7020jnkcoeemc9dnt2boc'
    '_csrf-backend' => 'b40ae0394504c1d79f72b0391c6330249153ca5aafdd17f05f91925858358abca:2:{i:0;s:13:\"_csrf-backend\";i:1;s:32:\"Sx9fOVgomTYxbmWHc4PiPU_-oVqu80NO\";}'
]

$_SERVER = [
    'REDIRECT_STATUS' => '200'
    'HTTP_HOST' => 'agzybir.ogullar'
    'HTTP_CONNECTION' => 'keep-alive'
    'HTTP_PRAGMA' => 'no-cache'
    'HTTP_CACHE_CONTROL' => 'no-cache'
    'HTTP_UPGRADE_INSECURE_REQUESTS' => '1'
    'HTTP_USER_AGENT' => 'Mozilla/5.0 (Windows NT 6.1; Win64; x64) AppleWebKit/537.36 (KHTML, like Gecko) Chrome/89.0.4389.128 Safari/537.36'
    'HTTP_ACCEPT' => 'text/html,application/xhtml+xml,application/xml;q=0.9,image/avif,image/webp,image/apng,*/*;q=0.8,application/signed-exchange;v=b3;q=0.9'
    'HTTP_ACCEPT_ENCODING' => 'gzip, deflate'
    'HTTP_ACCEPT_LANGUAGE' => 'ru-RU,ru;q=0.9,en-US;q=0.8,en;q=0.7'
    'HTTP_COOKIE' => '_csrf-frontend=e97b1dff4e6be3b59769c02861eaf0a59dbc8125b67e64b2c26ca7b1371e5f66a%3A2%3A%7Bi%3A0%3Bs%3A14%3A%22_csrf-frontend%22%3Bi%3A1%3Bs%3A32%3A%22Jd9x5rCFtYGSzuLj0WXhHiYDXg1sYqNQ%22%3B%7D; PHPSESSID=bghj5pm0uou7020jnkcoeemc9dnt2boc; _csrf-backend=b40ae0394504c1d79f72b0391c6330249153ca5aafdd17f05f91925858358abca%3A2%3A%7Bi%3A0%3Bs%3A13%3A%22_csrf-backend%22%3Bi%3A1%3Bs%3A32%3A%22Sx9fOVgomTYxbmWHc4PiPU_-oVqu80NO%22%3B%7D'
    'PATH' => 'c:\\ospanel\\modules\\php\\PHP-7.2\\ext;c:\\ospanel\\modules\\php\\PHP-7.2\\pear;c:\\ospanel\\modules\\php\\PHP-7.2\\pear\\bin;c:\\ospanel\\modules\\php\\PHP-7.2;c:\\ospanel\\modules\\imagemagick;c:\\ospanel\\modules\\wget\\bin;c:\\ospanel\\modules\\database\\MySQL-5.6\\bin;c:\\ospanel\\modules\\http\\Apache-PHP-7.2\\bin;c:\\ospanel\\modules\\http\\Apache-PHP-7.2;C:\\Windows\\system32;C:\\Windows;C:\\Windows\\system32\\Wbem;C:\\Windows\\SysWOW64'
    'SystemRoot' => 'C:\\Windows'
    'COMSPEC' => 'C:\\Windows\\system32\\cmd.exe'
    'PATHEXT' => '.COM;.EXE;.BAT;.CMD;.VBS;.VBE;.JS;.JSE;.WSF;.WSH;.MSC'
    'WINDIR' => 'C:\\Windows'
    'SERVER_SIGNATURE' => ''
    'SERVER_SOFTWARE' => 'Apache'
    'SERVER_NAME' => 'agzybir.ogullar'
    'SERVER_ADDR' => '127.0.0.1'
    'SERVER_PORT' => '80'
    'REMOTE_ADDR' => '127.0.0.1'
    'DOCUMENT_ROOT' => 'C:/OSPanel/domains/agzybir.ogullar'
    'REQUEST_SCHEME' => 'http'
    'CONTEXT_PREFIX' => ''
    'CONTEXT_DOCUMENT_ROOT' => 'C:/OSPanel/domains/agzybir.ogullar'
    'SERVER_ADMIN' => '[no address given]'
    'SCRIPT_FILENAME' => 'C:/OSPanel/domains/agzybir.ogullar/frontend/web/index.php'
    'REMOTE_PORT' => '3575'
    'REDIRECT_URL' => '/'
    'GATEWAY_INTERFACE' => 'CGI/1.1'
    'SERVER_PROTOCOL' => 'HTTP/1.1'
    'REQUEST_METHOD' => 'GET'
    'QUERY_STRING' => ''
    'REQUEST_URI' => '/'
    'SCRIPT_NAME' => '/frontend/web/index.php'
    'PHP_SELF' => '/frontend/web/index.php'
    'REQUEST_TIME_FLOAT' => 1618926233.639
    'REQUEST_TIME' => 1618926233
    'argv' => []
    'argc' => 0
]
